#
# A fatal error has been detected by the Java Runtime Environment:
#
#  Internal Error (safepoint.cpp:919), pid=38950, tid=29703
#  fatal error: Illegal threadstate encountered: 4
#
# JRE version: Java(TM) SE Runtime Environment 18.9 (11.0.12+8) (build 11.0.12+8-LTS-237)
# Java VM: Java HotSpot(TM) 64-Bit Server VM 18.9 (11.0.12+8-LTS-237, mixed mode, tiered, compressed oops, g1 gc, bsd-amd64)
# No core dump will be written. Core dumps have been disabled. To enable core dumping, try "ulimit -c unlimited" before starting Java again
#
# If you would like to submit a bug report, please visit:
#   https://bugreport.java.com/bugreport/crash.jsp
# The crash happened outside the Java Virtual Machine in native code.
# See problematic frame for where to report the bug.
#

---------------  S U M M A R Y ------------

Command Line: --module-path=/Users/lukajohn/Documents/javafx-sdk-17.0.1/lib --add-modules=javafx.controls,javafx.fxml -Djava.library.path=/Users/lukajohn/Documents/javafx-sdk-17.0.1/lib -javaagent:/Applications/IntelliJ IDEA.app/Contents/lib/idea_rt.jar=59171:/Applications/IntelliJ IDEA.app/Contents/bin -Dfile.encoding=UTF-8 put.poznan.Main

Host: MacBookPro12,1 x86_64 3100 MHz, 4 cores, 16G, Darwin 21.2.0
Time: Thu Jan 27 16:30:37 2022 CET elapsed time: 129.429920 seconds (0d 0h 2m 9s)

---------------  T H R E A D  ---------------

Current thread (0x00007ff59a115800):  JavaThread "InvokeLaterDispatcher" daemon [_thread_in_native, id=29703, stack(0x000070000d98e000,0x000070000da8e000)]

Stack: [0x000070000d98e000,0x000070000da8e000],  sp=0x000070000da8c2c0,  free space=1016k
Native frames: (J=compiled Java code, A=aot compiled Java code, j=interpreted, Vv=VM code, C=native code)
V  [libjvm.dylib+0x7959fc]  _ZN7VMError14report_and_dieEiPKcS1_P13__va_list_tagP6ThreadPhPvS7_S1_im+0x54c
V  [libjvm.dylib+0x79618d]  _ZN7VMError14report_and_dieEP6ThreadPvPKciS4_S4_P13__va_list_tag+0x3f
V  [libjvm.dylib+0x2615d1]  _Z12report_fatalPKciS0_z+0xb5
V  [libjvm.dylib+0x6b55e2]  _ZN20SafepointSynchronize5blockEP10JavaThread+0x1ce
V  [libjvm.dylib+0x74524c]  _ZN10JavaThread44check_safepoint_and_suspend_for_native_transEPS_+0xa8
V  [libjvm.dylib+0x3da37a]  jni_DeleteGlobalRef+0x91
C  [libglass.dylib+0x82e8]  -[GlassRunnable dealloc]+0x28
C  [Foundation+0x80e9b]  -[_NSThreadPerformInfo dealloc]+0x2a
C  [Foundation+0x4dcc7]  -[NSObject(NSThreadPerformAdditions) performSelectorOnMainThread:withObject:waitUntilDone:]+0x7c
J 2837  com.sun.glass.ui.mac.MacApplication._submitForLaterInvocation(Ljava/lang/Runnable;)V javafx.graphics (0 bytes) @ 0x000000011e53d00f [0x000000011e53cf40+0x00000000000000cf]
J 2836 c1 com.sun.glass.ui.mac.MacApplication.submitForLaterInvocation(Ljava/lang/Runnable;)V javafx.graphics (6 bytes) @ 0x000000011743aa34 [0x000000011743a9c0+0x0000000000000074]
j  com.sun.glass.ui.InvokeLaterDispatcher.run()V+82 javafx.graphics
v  ~StubRoutines::call_stub
V  [libjvm.dylib+0x39b3e7]  _ZN9JavaCalls11call_helperEP9JavaValueRK12methodHandleP17JavaCallArgumentsP6Thread+0x21d
V  [libjvm.dylib+0x39a849]  _ZN9JavaCalls12call_virtualEP9JavaValueP5KlassP6SymbolS5_P17JavaCallArgumentsP6Thread+0xe9
V  [libjvm.dylib+0x39a904]  _ZN9JavaCalls12call_virtualEP9JavaValue6HandleP5KlassP6SymbolS6_P6Thread+0x62
V  [libjvm.dylib+0x422d20]  _ZL12thread_entryP10JavaThreadP6Thread+0x78
V  [libjvm.dylib+0x743c46]  _ZN10JavaThread17thread_main_innerEv+0x82
V  [libjvm.dylib+0x743a97]  _ZN10JavaThread3runEv+0x173
V  [libjvm.dylib+0x7418de]  _ZN6Thread8call_runEv+0x68
V  [libjvm.dylib+0x6468d2]  _ZL19thread_native_entryP6Thread+0x136
C  [libsystem_pthread.dylib+0x64f4]  _pthread_start+0x7d
C  [libsystem_pthread.dylib+0x200f]  thread_start+0xf

Java frames: (J=compiled Java code, j=interpreted, Vv=VM code)
J 2837  com.sun.glass.ui.mac.MacApplication._submitForLaterInvocation(Ljava/lang/Runnable;)V javafx.graphics (0 bytes) @ 0x000000011e53cf9c [0x000000011e53cf40+0x000000000000005c]
J 2836 c1 com.sun.glass.ui.mac.MacApplication.submitForLaterInvocation(Ljava/lang/Runnable;)V javafx.graphics (6 bytes) @ 0x000000011743aa34 [0x000000011743a9c0+0x0000000000000074]
j  com.sun.glass.ui.InvokeLaterDispatcher.run()V+82 javafx.graphics
v  ~StubRoutines::call_stub

---------------  P R O C E S S  ---------------

Threads class SMR info:
_java_thread_list=0x0000600001051f00, length=18, elements={
0x00007ff59a00c000, 0x00007ff59a05e800, 0x00007ff59a05f800, 0x00007ff59a823800,
0x00007ff5998cf800, 0x00007ff59a064000, 0x00007ff59a824800, 0x00007ff5998da800,
0x00007ff59a892000, 0x00007ff59895f800, 0x00007ff59895c800, 0x00007ff598962800,
0x00007ff59a115800, 0x00007ff5989d4800, 0x00007ff598a06800, 0x00007ff59a2fa800,
0x00007ff598dd9800, 0x00007ff598e06000
}

Java Threads: ( => current thread )
  0x00007ff59a00c000 JavaThread "main" [_thread_blocked, id=9987, stack(0x000070000c246000,0x000070000c346000)]
  0x00007ff59a05e800 JavaThread "Reference Handler" daemon [_thread_blocked, id=17923, stack(0x000070000c95b000,0x000070000ca5b000)]
  0x00007ff59a05f800 JavaThread "Finalizer" daemon [_thread_blocked, id=13571, stack(0x000070000ca5e000,0x000070000cb5e000)]
  0x00007ff59a823800 JavaThread "Signal Dispatcher" daemon [_thread_blocked, id=15363, stack(0x000070000cc67000,0x000070000cd67000)]
  0x00007ff5998cf800 JavaThread "Service Thread" daemon [_thread_blocked, id=21763, stack(0x000070000cd6a000,0x000070000ce6a000)]
  0x00007ff59a064000 JavaThread "C2 CompilerThread0" daemon [_thread_blocked, id=22019, stack(0x000070000ce6d000,0x000070000cf6d000)]
  0x00007ff59a824800 JavaThread "C1 CompilerThread0" daemon [_thread_blocked, id=42499, stack(0x000070000cf70000,0x000070000d070000)]
  0x00007ff5998da800 JavaThread "Sweeper thread" daemon [_thread_blocked, id=42243, stack(0x000070000d073000,0x000070000d173000)]
  0x00007ff59a892000 JavaThread "Common-Cleaner" daemon [_thread_blocked, id=23299, stack(0x000070000d176000,0x000070000d276000)]
  0x00007ff59895f800 JavaThread "Monitor Ctrl-Break" daemon [_thread_in_native, id=23811, stack(0x000070000d279000,0x000070000d379000)]
  0x00007ff59895c800 JavaThread "QuantumRenderer-0" daemon [_thread_blocked, id=24835, stack(0x000070000d47f000,0x000070000d57f000)]
  0x00007ff598962800 JavaThread "Attach Listener" daemon [_thread_blocked, id=26115, stack(0x000070000d582000,0x000070000d682000)]
=>0x00007ff59a115800 JavaThread "InvokeLaterDispatcher" daemon [_thread_in_native, id=29703, stack(0x000070000d98e000,0x000070000da8e000)]
  0x00007ff5989d4800 JavaThread "JavaFX Application Thread" [_thread_in_native_trans, id=259, stack(0x00007ff7b39a5000,0x00007ff7b41a5000)]
  0x00007ff598a06800 JavaThread "JavaFX-Launcher" [_thread_blocked, id=75779, stack(0x000070000de23000,0x000070000df23000)]
  0x00007ff59a2fa800 JavaThread "Prism Font Disposer" daemon [_thread_blocked, id=70147, stack(0x000070000df26000,0x000070000e026000)]
  0x00007ff598dd9800 JavaThread "Cleaner-0" daemon [_thread_blocked, id=63499, stack(0x000070000e029000,0x000070000e129000)]
  0x00007ff598e06000 JavaThread "PulseTimer-CVDisplayLink thread" daemon [_thread_in_native, id=69743, stack(0x000070000cb61000,0x000070000cbe1000)]

Other Threads:
  0x00007ff59a05e000 VMThread "VM Thread" [stack: 0x000070000c858000,0x000070000c958000] [id=12803]
  0x00007ff59a91b000 WatcherThread [stack: 0x000070000d37c000,0x000070000d47c000] [id=24323]
  0x00007ff59a017800 GCTaskThread "GC Thread#0" [stack: 0x000070000c349000,0x000070000c449000] [id=20995]
  0x00007ff599a54800 GCTaskThread "GC Thread#1" [stack: 0x000070000d685000,0x000070000d785000] [id=40463]
  0x00007ff59a924000 GCTaskThread "GC Thread#2" [stack: 0x000070000d788000,0x000070000d888000] [id=26627]
  0x00007ff59a91c000 GCTaskThread "GC Thread#3" [stack: 0x000070000d88b000,0x000070000d98b000] [id=26883]
  0x00007ff599847000 ConcurrentGCThread "G1 Main Marker" [stack: 0x000070000c44c000,0x000070000c54c000] [id=20739]
  0x00007ff59a811800 ConcurrentGCThread "G1 Conc#0" [stack: 0x000070000c54f000,0x000070000c64f000] [id=19971]
  0x00007ff5998c8000 ConcurrentGCThread "G1 Refine#0" [stack: 0x000070000c652000,0x000070000c752000] [id=12035]
  0x00007ff598809000 ConcurrentGCThread "G1 Young RemSet Sampling" [stack: 0x000070000c755000,0x000070000c855000] [id=12291]

Threads with active compile tasks:

VM state:not at safepoint (normal execution)

VM Mutex/Monitor currently owned by a thread: None

Heap address: 0x0000000700000000, size: 4096 MB, Compressed Oops mode: Zero based, Oop shift amount: 3
Narrow klass base: 0x0000000800000000, Narrow klass shift: 0
Compressed class space size: 1073741824 Address: 0x0000000800000000

Heap:
 garbage-first heap   total 262144K, used 45741K [0x0000000700000000, 0x0000000800000000)
  region size 1024K, 38 young (38912K), 3 survivors (3072K)
 Metaspace       used 29333K, capacity 30644K, committed 30848K, reserved 1075200K
  class space    used 3663K, capacity 4216K, committed 4224K, reserved 1048576K
Heap Regions: E=young(eden), S=young(survivor), O=old, HS=humongous(starts), HC=humongous(continues), CS=collection set, F=free, A=archive, TAMS=top-at-mark-start (previous, next)
|   0|0x0000000700000000, 0x0000000700100000, 0x0000000700100000|100%| O|  |TAMS 0x000000070005d200, 0x0000000700000000| Untracked 
|   1|0x0000000700100000, 0x0000000700200000, 0x0000000700200000|100%|HS|  |TAMS 0x0000000700200000, 0x0000000700100000| Complete 
|   2|0x0000000700200000, 0x0000000700300000, 0x0000000700300000|100%|HC|  |TAMS 0x0000000700300000, 0x0000000700200000| Complete 
|   3|0x0000000700300000, 0x0000000700400000, 0x0000000700400000|100%| O|  |TAMS 0x0000000700300000, 0x0000000700300000| Untracked 
|   4|0x0000000700400000, 0x0000000700500000, 0x0000000700500000|100%| O|  |TAMS 0x0000000700400000, 0x0000000700400000| Untracked 
|   5|0x0000000700500000, 0x0000000700600000, 0x0000000700600000|100%| O|  |TAMS 0x0000000700500000, 0x0000000700500000| Untracked 
|   6|0x0000000700600000, 0x0000000700700000, 0x0000000700700000|100%| O|  |TAMS 0x0000000700600000, 0x0000000700600000| Untracked 
|   7|0x0000000700700000, 0x0000000700800000, 0x0000000700800000|100%| O|  |TAMS 0x0000000700700000, 0x0000000700700000| Untracked 
|   8|0x0000000700800000, 0x00000007008e8200, 0x0000000700900000| 90%| O|  |TAMS 0x0000000700800000, 0x0000000700800000| Untracked 
|   9|0x0000000700900000, 0x0000000700900000, 0x0000000700a00000|  0%| F|  |TAMS 0x0000000700900000, 0x0000000700900000| Untracked 
|  10|0x0000000700a00000, 0x0000000700a00000, 0x0000000700b00000|  0%| F|  |TAMS 0x0000000700a00000, 0x0000000700a00000| Untracked 
|  11|0x0000000700b00000, 0x0000000700b00000, 0x0000000700c00000|  0%| F|  |TAMS 0x0000000700b00000, 0x0000000700b00000| Untracked 
|  12|0x0000000700c00000, 0x0000000700c00000, 0x0000000700d00000|  0%| F|  |TAMS 0x0000000700c00000, 0x0000000700c00000| Untracked 
|  13|0x0000000700d00000, 0x0000000700d00000, 0x0000000700e00000|  0%| F|  |TAMS 0x0000000700d00000, 0x0000000700d00000| Untracked 
|  14|0x0000000700e00000, 0x0000000700e00000, 0x0000000700f00000|  0%| F|  |TAMS 0x0000000700e00000, 0x0000000700e00000| Untracked 
|  15|0x0000000700f00000, 0x0000000700f00000, 0x0000000701000000|  0%| F|  |TAMS 0x0000000700f00000, 0x0000000700f00000| Untracked 
|  16|0x0000000701000000, 0x0000000701000000, 0x0000000701100000|  0%| F|  |TAMS 0x0000000701000000, 0x0000000701000000| Untracked 
|  17|0x0000000701100000, 0x0000000701100000, 0x0000000701200000|  0%| F|  |TAMS 0x0000000701100000, 0x0000000701100000| Untracked 
|  18|0x0000000701200000, 0x0000000701200000, 0x0000000701300000|  0%| F|  |TAMS 0x0000000701200000, 0x0000000701200000| Untracked 
|  19|0x0000000701300000, 0x0000000701300000, 0x0000000701400000|  0%| F|  |TAMS 0x0000000701300000, 0x0000000701300000| Untracked 
|  20|0x0000000701400000, 0x0000000701400000, 0x0000000701500000|  0%| F|  |TAMS 0x0000000701400000, 0x0000000701400000| Untracked 
|  21|0x0000000701500000, 0x0000000701500000, 0x0000000701600000|  0%| F|  |TAMS 0x0000000701500000, 0x0000000701500000| Untracked 
|  22|0x0000000701600000, 0x0000000701600000, 0x0000000701700000|  0%| F|  |TAMS 0x0000000701600000, 0x0000000701600000| Untracked 
|  23|0x0000000701700000, 0x0000000701700000, 0x0000000701800000|  0%| F|  |TAMS 0x0000000701700000, 0x0000000701700000| Untracked 
|  24|0x0000000701800000, 0x0000000701800000, 0x0000000701900000|  0%| F|  |TAMS 0x0000000701800000, 0x0000000701800000| Untracked 
|  25|0x0000000701900000, 0x0000000701900000, 0x0000000701a00000|  0%| F|  |TAMS 0x0000000701900000, 0x0000000701900000| Untracked 
|  26|0x0000000701a00000, 0x0000000701a00000, 0x0000000701b00000|  0%| F|  |TAMS 0x0000000701a00000, 0x0000000701a00000| Untracked 
|  27|0x0000000701b00000, 0x0000000701b00000, 0x0000000701c00000|  0%| F|  |TAMS 0x0000000701b00000, 0x0000000701b00000| Untracked 
|  28|0x0000000701c00000, 0x0000000701c00000, 0x0000000701d00000|  0%| F|  |TAMS 0x0000000701c00000, 0x0000000701c00000| Untracked 
|  29|0x0000000701d00000, 0x0000000701d00000, 0x0000000701e00000|  0%| F|  |TAMS 0x0000000701d00000, 0x0000000701d00000| Untracked 
|  30|0x0000000701e00000, 0x0000000701e00000, 0x0000000701f00000|  0%| F|  |TAMS 0x0000000701e00000, 0x0000000701e00000| Untracked 
|  31|0x0000000701f00000, 0x0000000701f00000, 0x0000000702000000|  0%| F|  |TAMS 0x0000000701f00000, 0x0000000701f00000| Untracked 
|  32|0x0000000702000000, 0x0000000702000000, 0x0000000702100000|  0%| F|  |TAMS 0x0000000702000000, 0x0000000702000000| Untracked 
|  33|0x0000000702100000, 0x0000000702100000, 0x0000000702200000|  0%| F|  |TAMS 0x0000000702100000, 0x0000000702100000| Untracked 
|  34|0x0000000702200000, 0x0000000702200000, 0x0000000702300000|  0%| F|  |TAMS 0x0000000702200000, 0x0000000702200000| Untracked 
|  35|0x0000000702300000, 0x0000000702300000, 0x0000000702400000|  0%| F|  |TAMS 0x0000000702300000, 0x0000000702300000| Untracked 
|  36|0x0000000702400000, 0x0000000702400000, 0x0000000702500000|  0%| F|  |TAMS 0x0000000702400000, 0x0000000702400000| Untracked 
|  37|0x0000000702500000, 0x0000000702500000, 0x0000000702600000|  0%| F|  |TAMS 0x0000000702500000, 0x0000000702500000| Untracked 
|  38|0x0000000702600000, 0x0000000702600000, 0x0000000702700000|  0%| F|  |TAMS 0x0000000702600000, 0x0000000702600000| Untracked 
|  39|0x0000000702700000, 0x0000000702700000, 0x0000000702800000|  0%| F|  |TAMS 0x0000000702700000, 0x0000000702700000| Untracked 
|  40|0x0000000702800000, 0x0000000702800000, 0x0000000702900000|  0%| F|  |TAMS 0x0000000702800000, 0x0000000702800000| Untracked 
|  41|0x0000000702900000, 0x0000000702900000, 0x0000000702a00000|  0%| F|  |TAMS 0x0000000702900000, 0x0000000702900000| Untracked 
|  42|0x0000000702a00000, 0x0000000702a00000, 0x0000000702b00000|  0%| F|  |TAMS 0x0000000702a00000, 0x0000000702a00000| Untracked 
|  43|0x0000000702b00000, 0x0000000702b00000, 0x0000000702c00000|  0%| F|  |TAMS 0x0000000702b00000, 0x0000000702b00000| Untracked 
|  44|0x0000000702c00000, 0x0000000702c00000, 0x0000000702d00000|  0%| F|  |TAMS 0x0000000702c00000, 0x0000000702c00000| Untracked 
|  45|0x0000000702d00000, 0x0000000702d00000, 0x0000000702e00000|  0%| F|  |TAMS 0x0000000702d00000, 0x0000000702d00000| Untracked 
|  46|0x0000000702e00000, 0x0000000702e00000, 0x0000000702f00000|  0%| F|  |TAMS 0x0000000702e00000, 0x0000000702e00000| Untracked 
|  47|0x0000000702f00000, 0x0000000702f00000, 0x0000000703000000|  0%| F|  |TAMS 0x0000000702f00000, 0x0000000702f00000| Untracked 
|  48|0x0000000703000000, 0x0000000703000000, 0x0000000703100000|  0%| F|  |TAMS 0x0000000703000000, 0x0000000703000000| Untracked 
|  49|0x0000000703100000, 0x0000000703100000, 0x0000000703200000|  0%| F|  |TAMS 0x0000000703100000, 0x0000000703100000| Untracked 
|  50|0x0000000703200000, 0x0000000703200000, 0x0000000703300000|  0%| F|  |TAMS 0x0000000703200000, 0x0000000703200000| Untracked 
|  51|0x0000000703300000, 0x0000000703300000, 0x0000000703400000|  0%| F|  |TAMS 0x0000000703300000, 0x0000000703300000| Untracked 
|  52|0x0000000703400000, 0x0000000703400000, 0x0000000703500000|  0%| F|  |TAMS 0x0000000703400000, 0x0000000703400000| Untracked 
|  53|0x0000000703500000, 0x0000000703500000, 0x0000000703600000|  0%| F|  |TAMS 0x0000000703500000, 0x0000000703500000| Untracked 
|  54|0x0000000703600000, 0x0000000703600000, 0x0000000703700000|  0%| F|  |TAMS 0x0000000703600000, 0x0000000703600000| Untracked 
|  55|0x0000000703700000, 0x0000000703700000, 0x0000000703800000|  0%| F|  |TAMS 0x0000000703700000, 0x0000000703700000| Untracked 
|  56|0x0000000703800000, 0x0000000703800000, 0x0000000703900000|  0%| F|  |TAMS 0x0000000703800000, 0x0000000703800000| Untracked 
|  57|0x0000000703900000, 0x0000000703900000, 0x0000000703a00000|  0%| F|  |TAMS 0x0000000703900000, 0x0000000703900000| Untracked 
|  58|0x0000000703a00000, 0x0000000703a00000, 0x0000000703b00000|  0%| F|  |TAMS 0x0000000703a00000, 0x0000000703a00000| Untracked 
|  59|0x0000000703b00000, 0x0000000703b00000, 0x0000000703c00000|  0%| F|  |TAMS 0x0000000703b00000, 0x0000000703b00000| Untracked 
|  60|0x0000000703c00000, 0x0000000703c00000, 0x0000000703d00000|  0%| F|  |TAMS 0x0000000703c00000, 0x0000000703c00000| Untracked 
|  61|0x0000000703d00000, 0x0000000703d00000, 0x0000000703e00000|  0%| F|  |TAMS 0x0000000703d00000, 0x0000000703d00000| Untracked 
|  62|0x0000000703e00000, 0x0000000703e00000, 0x0000000703f00000|  0%| F|  |TAMS 0x0000000703e00000, 0x0000000703e00000| Untracked 
|  63|0x0000000703f00000, 0x0000000703f00000, 0x0000000704000000|  0%| F|  |TAMS 0x0000000703f00000, 0x0000000703f00000| Untracked 
|  64|0x0000000704000000, 0x0000000704000000, 0x0000000704100000|  0%| F|  |TAMS 0x0000000704000000, 0x0000000704000000| Untracked 
|  65|0x0000000704100000, 0x0000000704100000, 0x0000000704200000|  0%| F|  |TAMS 0x0000000704100000, 0x0000000704100000| Untracked 
|  66|0x0000000704200000, 0x0000000704200000, 0x0000000704300000|  0%| F|  |TAMS 0x0000000704200000, 0x0000000704200000| Untracked 
|  67|0x0000000704300000, 0x0000000704300000, 0x0000000704400000|  0%| F|  |TAMS 0x0000000704300000, 0x0000000704300000| Untracked 
|  68|0x0000000704400000, 0x0000000704400000, 0x0000000704500000|  0%| F|  |TAMS 0x0000000704400000, 0x0000000704400000| Untracked 
|  69|0x0000000704500000, 0x0000000704500000, 0x0000000704600000|  0%| F|  |TAMS 0x0000000704500000, 0x0000000704500000| Untracked 
|  70|0x0000000704600000, 0x0000000704600000, 0x0000000704700000|  0%| F|  |TAMS 0x0000000704600000, 0x0000000704600000| Untracked 
|  71|0x0000000704700000, 0x0000000704700000, 0x0000000704800000|  0%| F|  |TAMS 0x0000000704700000, 0x0000000704700000| Untracked 
|  72|0x0000000704800000, 0x0000000704800000, 0x0000000704900000|  0%| F|  |TAMS 0x0000000704800000, 0x0000000704800000| Untracked 
|  73|0x0000000704900000, 0x0000000704900000, 0x0000000704a00000|  0%| F|  |TAMS 0x0000000704900000, 0x0000000704900000| Untracked 
|  74|0x0000000704a00000, 0x0000000704a00000, 0x0000000704b00000|  0%| F|  |TAMS 0x0000000704a00000, 0x0000000704a00000| Untracked 
|  75|0x0000000704b00000, 0x0000000704b00000, 0x0000000704c00000|  0%| F|  |TAMS 0x0000000704b00000, 0x0000000704b00000| Untracked 
|  76|0x0000000704c00000, 0x0000000704c00000, 0x0000000704d00000|  0%| F|  |TAMS 0x0000000704c00000, 0x0000000704c00000| Untracked 
|  77|0x0000000704d00000, 0x0000000704d00000, 0x0000000704e00000|  0%| F|  |TAMS 0x0000000704d00000, 0x0000000704d00000| Untracked 
|  78|0x0000000704e00000, 0x0000000704e00000, 0x0000000704f00000|  0%| F|  |TAMS 0x0000000704e00000, 0x0000000704e00000| Untracked 
|  79|0x0000000704f00000, 0x0000000704f00000, 0x0000000705000000|  0%| F|  |TAMS 0x0000000704f00000, 0x0000000704f00000| Untracked 
|  80|0x0000000705000000, 0x0000000705000000, 0x0000000705100000|  0%| F|  |TAMS 0x0000000705000000, 0x0000000705000000| Untracked 
|  81|0x0000000705100000, 0x0000000705100000, 0x0000000705200000|  0%| F|  |TAMS 0x0000000705100000, 0x0000000705100000| Untracked 
|  82|0x0000000705200000, 0x0000000705200000, 0x0000000705300000|  0%| F|  |TAMS 0x0000000705200000, 0x0000000705200000| Untracked 
|  83|0x0000000705300000, 0x0000000705300000, 0x0000000705400000|  0%| F|  |TAMS 0x0000000705300000, 0x0000000705300000| Untracked 
|  84|0x0000000705400000, 0x0000000705400000, 0x0000000705500000|  0%| F|  |TAMS 0x0000000705400000, 0x0000000705400000| Untracked 
|  85|0x0000000705500000, 0x0000000705500000, 0x0000000705600000|  0%| F|  |TAMS 0x0000000705500000, 0x0000000705500000| Untracked 
|  86|0x0000000705600000, 0x0000000705600000, 0x0000000705700000|  0%| F|  |TAMS 0x0000000705600000, 0x0000000705600000| Untracked 
|  87|0x0000000705700000, 0x0000000705700000, 0x0000000705800000|  0%| F|  |TAMS 0x0000000705700000, 0x0000000705700000| Untracked 
|  88|0x0000000705800000, 0x0000000705800000, 0x0000000705900000|  0%| F|  |TAMS 0x0000000705800000, 0x0000000705800000| Untracked 
|  89|0x0000000705900000, 0x0000000705900000, 0x0000000705a00000|  0%| F|  |TAMS 0x0000000705900000, 0x0000000705900000| Untracked 
|  90|0x0000000705a00000, 0x0000000705a00000, 0x0000000705b00000|  0%| F|  |TAMS 0x0000000705a00000, 0x0000000705a00000| Untracked 
|  91|0x0000000705b00000, 0x0000000705b00000, 0x0000000705c00000|  0%| F|  |TAMS 0x0000000705b00000, 0x0000000705b00000| Untracked 
|  92|0x0000000705c00000, 0x0000000705c00000, 0x0000000705d00000|  0%| F|  |TAMS 0x0000000705c00000, 0x0000000705c00000| Untracked 
|  93|0x0000000705d00000, 0x0000000705d00000, 0x0000000705e00000|  0%| F|  |TAMS 0x0000000705d00000, 0x0000000705d00000| Untracked 
|  94|0x0000000705e00000, 0x0000000705e00000, 0x0000000705f00000|  0%| F|  |TAMS 0x0000000705e00000, 0x0000000705e00000| Untracked 
|  95|0x0000000705f00000, 0x0000000705f00000, 0x0000000706000000|  0%| F|  |TAMS 0x0000000705f00000, 0x0000000705f00000| Untracked 
|  96|0x0000000706000000, 0x0000000706000000, 0x0000000706100000|  0%| F|  |TAMS 0x0000000706000000, 0x0000000706000000| Untracked 
|  97|0x0000000706100000, 0x0000000706100000, 0x0000000706200000|  0%| F|  |TAMS 0x0000000706100000, 0x0000000706100000| Untracked 
|  98|0x0000000706200000, 0x0000000706200000, 0x0000000706300000|  0%| F|  |TAMS 0x0000000706200000, 0x0000000706200000| Untracked 
|  99|0x0000000706300000, 0x0000000706300000, 0x0000000706400000|  0%| F|  |TAMS 0x0000000706300000, 0x0000000706300000| Untracked 
| 100|0x0000000706400000, 0x0000000706400000, 0x0000000706500000|  0%| F|  |TAMS 0x0000000706400000, 0x0000000706400000| Untracked 
| 101|0x0000000706500000, 0x0000000706500000, 0x0000000706600000|  0%| F|  |TAMS 0x0000000706500000, 0x0000000706500000| Untracked 
| 102|0x0000000706600000, 0x0000000706600000, 0x0000000706700000|  0%| F|  |TAMS 0x0000000706600000, 0x0000000706600000| Untracked 
| 103|0x0000000706700000, 0x0000000706700000, 0x0000000706800000|  0%| F|  |TAMS 0x0000000706700000, 0x0000000706700000| Untracked 
| 104|0x0000000706800000, 0x0000000706800000, 0x0000000706900000|  0%| F|  |TAMS 0x0000000706800000, 0x0000000706800000| Untracked 
| 105|0x0000000706900000, 0x0000000706900000, 0x0000000706a00000|  0%| F|  |TAMS 0x0000000706900000, 0x0000000706900000| Untracked 
| 106|0x0000000706a00000, 0x0000000706a00000, 0x0000000706b00000|  0%| F|  |TAMS 0x0000000706a00000, 0x0000000706a00000| Untracked 
| 107|0x0000000706b00000, 0x0000000706b00000, 0x0000000706c00000|  0%| F|  |TAMS 0x0000000706b00000, 0x0000000706b00000| Untracked 
| 108|0x0000000706c00000, 0x0000000706c00000, 0x0000000706d00000|  0%| F|  |TAMS 0x0000000706c00000, 0x0000000706c00000| Untracked 
| 109|0x0000000706d00000, 0x0000000706d00000, 0x0000000706e00000|  0%| F|  |TAMS 0x0000000706d00000, 0x0000000706d00000| Untracked 
| 110|0x0000000706e00000, 0x0000000706e00000, 0x0000000706f00000|  0%| F|  |TAMS 0x0000000706e00000, 0x0000000706e00000| Untracked 
| 111|0x0000000706f00000, 0x0000000706f00000, 0x0000000707000000|  0%| F|  |TAMS 0x0000000706f00000, 0x0000000706f00000| Untracked 
| 112|0x0000000707000000, 0x0000000707000000, 0x0000000707100000|  0%| F|  |TAMS 0x0000000707000000, 0x0000000707000000| Untracked 
| 113|0x0000000707100000, 0x0000000707100000, 0x0000000707200000|  0%| F|  |TAMS 0x0000000707100000, 0x0000000707100000| Untracked 
| 114|0x0000000707200000, 0x0000000707200000, 0x0000000707300000|  0%| F|  |TAMS 0x0000000707200000, 0x0000000707200000| Untracked 
| 115|0x0000000707300000, 0x0000000707300000, 0x0000000707400000|  0%| F|  |TAMS 0x0000000707300000, 0x0000000707300000| Untracked 
| 116|0x0000000707400000, 0x0000000707400000, 0x0000000707500000|  0%| F|  |TAMS 0x0000000707400000, 0x0000000707400000| Untracked 
| 117|0x0000000707500000, 0x0000000707500000, 0x0000000707600000|  0%| F|  |TAMS 0x0000000707500000, 0x0000000707500000| Untracked 
| 118|0x0000000707600000, 0x0000000707600000, 0x0000000707700000|  0%| F|  |TAMS 0x0000000707600000, 0x0000000707600000| Untracked 
| 119|0x0000000707700000, 0x0000000707700000, 0x0000000707800000|  0%| F|  |TAMS 0x0000000707700000, 0x0000000707700000| Untracked 
| 120|0x0000000707800000, 0x0000000707800000, 0x0000000707900000|  0%| F|  |TAMS 0x0000000707800000, 0x0000000707800000| Untracked 
| 121|0x0000000707900000, 0x0000000707900000, 0x0000000707a00000|  0%| F|  |TAMS 0x0000000707900000, 0x0000000707900000| Untracked 
| 122|0x0000000707a00000, 0x0000000707a00000, 0x0000000707b00000|  0%| F|  |TAMS 0x0000000707a00000, 0x0000000707a00000| Untracked 
| 123|0x0000000707b00000, 0x0000000707b00000, 0x0000000707c00000|  0%| F|  |TAMS 0x0000000707b00000, 0x0000000707b00000| Untracked 
| 124|0x0000000707c00000, 0x0000000707c00000, 0x0000000707d00000|  0%| F|  |TAMS 0x0000000707c00000, 0x0000000707c00000| Untracked 
| 125|0x0000000707d00000, 0x0000000707d00000, 0x0000000707e00000|  0%| F|  |TAMS 0x0000000707d00000, 0x0000000707d00000| Untracked 
| 126|0x0000000707e00000, 0x0000000707e00000, 0x0000000707f00000|  0%| F|  |TAMS 0x0000000707e00000, 0x0000000707e00000| Untracked 
| 127|0x0000000707f00000, 0x0000000707f00000, 0x0000000708000000|  0%| F|  |TAMS 0x0000000707f00000, 0x0000000707f00000| Untracked 
| 128|0x0000000708000000, 0x0000000708000000, 0x0000000708100000|  0%| F|  |TAMS 0x0000000708000000, 0x0000000708000000| Untracked 
| 129|0x0000000708100000, 0x0000000708100000, 0x0000000708200000|  0%| F|  |TAMS 0x0000000708100000, 0x0000000708100000| Untracked 
| 130|0x0000000708200000, 0x0000000708200000, 0x0000000708300000|  0%| F|  |TAMS 0x0000000708200000, 0x0000000708200000| Untracked 
| 131|0x0000000708300000, 0x0000000708300000, 0x0000000708400000|  0%| F|  |TAMS 0x0000000708300000, 0x0000000708300000| Untracked 
| 132|0x0000000708400000, 0x0000000708400000, 0x0000000708500000|  0%| F|  |TAMS 0x0000000708400000, 0x0000000708400000| Untracked 
| 133|0x0000000708500000, 0x0000000708500000, 0x0000000708600000|  0%| F|  |TAMS 0x0000000708500000, 0x0000000708500000| Untracked 
| 134|0x0000000708600000, 0x0000000708600000, 0x0000000708700000|  0%| F|  |TAMS 0x0000000708600000, 0x0000000708600000| Untracked 
| 135|0x0000000708700000, 0x0000000708700000, 0x0000000708800000|  0%| F|  |TAMS 0x0000000708700000, 0x0000000708700000| Untracked 
| 136|0x0000000708800000, 0x0000000708800000, 0x0000000708900000|  0%| F|  |TAMS 0x0000000708800000, 0x0000000708800000| Untracked 
| 137|0x0000000708900000, 0x0000000708900000, 0x0000000708a00000|  0%| F|  |TAMS 0x0000000708900000, 0x0000000708900000| Untracked 
| 138|0x0000000708a00000, 0x0000000708a00000, 0x0000000708b00000|  0%| F|  |TAMS 0x0000000708a00000, 0x0000000708a00000| Untracked 
| 139|0x0000000708b00000, 0x0000000708b00000, 0x0000000708c00000|  0%| F|  |TAMS 0x0000000708b00000, 0x0000000708b00000| Untracked 
| 140|0x0000000708c00000, 0x0000000708c00000, 0x0000000708d00000|  0%| F|  |TAMS 0x0000000708c00000, 0x0000000708c00000| Untracked 
| 141|0x0000000708d00000, 0x0000000708d00000, 0x0000000708e00000|  0%| F|  |TAMS 0x0000000708d00000, 0x0000000708d00000| Untracked 
| 142|0x0000000708e00000, 0x0000000708e00000, 0x0000000708f00000|  0%| F|  |TAMS 0x0000000708e00000, 0x0000000708e00000| Untracked 
| 143|0x0000000708f00000, 0x0000000708f00000, 0x0000000709000000|  0%| F|  |TAMS 0x0000000708f00000, 0x0000000708f00000| Untracked 
| 144|0x0000000709000000, 0x0000000709000000, 0x0000000709100000|  0%| F|  |TAMS 0x0000000709000000, 0x0000000709000000| Untracked 
| 145|0x0000000709100000, 0x0000000709100000, 0x0000000709200000|  0%| F|  |TAMS 0x0000000709100000, 0x0000000709100000| Untracked 
| 146|0x0000000709200000, 0x0000000709200000, 0x0000000709300000|  0%| F|  |TAMS 0x0000000709200000, 0x0000000709200000| Untracked 
| 147|0x0000000709300000, 0x0000000709300000, 0x0000000709400000|  0%| F|  |TAMS 0x0000000709300000, 0x0000000709300000| Untracked 
| 148|0x0000000709400000, 0x0000000709400000, 0x0000000709500000|  0%| F|  |TAMS 0x0000000709400000, 0x0000000709400000| Untracked 
| 149|0x0000000709500000, 0x0000000709500000, 0x0000000709600000|  0%| F|  |TAMS 0x0000000709500000, 0x0000000709500000| Untracked 
| 150|0x0000000709600000, 0x0000000709600000, 0x0000000709700000|  0%| F|  |TAMS 0x0000000709600000, 0x0000000709600000| Untracked 
| 151|0x0000000709700000, 0x0000000709700000, 0x0000000709800000|  0%| F|  |TAMS 0x0000000709700000, 0x0000000709700000| Untracked 
| 152|0x0000000709800000, 0x0000000709800000, 0x0000000709900000|  0%| F|  |TAMS 0x0000000709800000, 0x0000000709800000| Untracked 
| 153|0x0000000709900000, 0x0000000709900000, 0x0000000709a00000|  0%| F|  |TAMS 0x0000000709900000, 0x0000000709900000| Untracked 
| 154|0x0000000709a00000, 0x0000000709a00000, 0x0000000709b00000|  0%| F|  |TAMS 0x0000000709a00000, 0x0000000709a00000| Untracked 
| 155|0x0000000709b00000, 0x0000000709b00000, 0x0000000709c00000|  0%| F|  |TAMS 0x0000000709b00000, 0x0000000709b00000| Untracked 
| 156|0x0000000709c00000, 0x0000000709c00000, 0x0000000709d00000|  0%| F|  |TAMS 0x0000000709c00000, 0x0000000709c00000| Untracked 
| 157|0x0000000709d00000, 0x0000000709d00000, 0x0000000709e00000|  0%| F|  |TAMS 0x0000000709d00000, 0x0000000709d00000| Untracked 
| 158|0x0000000709e00000, 0x0000000709e00000, 0x0000000709f00000|  0%| F|  |TAMS 0x0000000709e00000, 0x0000000709e00000| Untracked 
| 159|0x0000000709f00000, 0x0000000709f00000, 0x000000070a000000|  0%| F|  |TAMS 0x0000000709f00000, 0x0000000709f00000| Untracked 
| 160|0x000000070a000000, 0x000000070a000000, 0x000000070a100000|  0%| F|  |TAMS 0x000000070a000000, 0x000000070a000000| Untracked 
| 161|0x000000070a100000, 0x000000070a100000, 0x000000070a200000|  0%| F|  |TAMS 0x000000070a100000, 0x000000070a100000| Untracked 
| 162|0x000000070a200000, 0x000000070a200000, 0x000000070a300000|  0%| F|  |TAMS 0x000000070a200000, 0x000000070a200000| Untracked 
| 163|0x000000070a300000, 0x000000070a300000, 0x000000070a400000|  0%| F|  |TAMS 0x000000070a300000, 0x000000070a300000| Untracked 
| 164|0x000000070a400000, 0x000000070a400000, 0x000000070a500000|  0%| F|  |TAMS 0x000000070a400000, 0x000000070a400000| Untracked 
| 165|0x000000070a500000, 0x000000070a500000, 0x000000070a600000|  0%| F|  |TAMS 0x000000070a500000, 0x000000070a500000| Untracked 
| 166|0x000000070a600000, 0x000000070a600000, 0x000000070a700000|  0%| F|  |TAMS 0x000000070a600000, 0x000000070a600000| Untracked 
| 167|0x000000070a700000, 0x000000070a700000, 0x000000070a800000|  0%| F|  |TAMS 0x000000070a700000, 0x000000070a700000| Untracked 
| 168|0x000000070a800000, 0x000000070a800000, 0x000000070a900000|  0%| F|  |TAMS 0x000000070a800000, 0x000000070a800000| Untracked 
| 169|0x000000070a900000, 0x000000070a900000, 0x000000070aa00000|  0%| F|  |TAMS 0x000000070a900000, 0x000000070a900000| Untracked 
| 170|0x000000070aa00000, 0x000000070aa00000, 0x000000070ab00000|  0%| F|  |TAMS 0x000000070aa00000, 0x000000070aa00000| Untracked 
| 171|0x000000070ab00000, 0x000000070ab00000, 0x000000070ac00000|  0%| F|  |TAMS 0x000000070ab00000, 0x000000070ab00000| Untracked 
| 172|0x000000070ac00000, 0x000000070ac00000, 0x000000070ad00000|  0%| F|  |TAMS 0x000000070ac00000, 0x000000070ac00000| Untracked 
| 173|0x000000070ad00000, 0x000000070ad00000, 0x000000070ae00000|  0%| F|  |TAMS 0x000000070ad00000, 0x000000070ad00000| Untracked 
| 174|0x000000070ae00000, 0x000000070ae00000, 0x000000070af00000|  0%| F|  |TAMS 0x000000070ae00000, 0x000000070ae00000| Untracked 
| 175|0x000000070af00000, 0x000000070af00000, 0x000000070b000000|  0%| F|  |TAMS 0x000000070af00000, 0x000000070af00000| Untracked 
| 176|0x000000070b000000, 0x000000070b000000, 0x000000070b100000|  0%| F|  |TAMS 0x000000070b000000, 0x000000070b000000| Untracked 
| 177|0x000000070b100000, 0x000000070b100000, 0x000000070b200000|  0%| F|  |TAMS 0x000000070b100000, 0x000000070b100000| Untracked 
| 178|0x000000070b200000, 0x000000070b200000, 0x000000070b300000|  0%| F|  |TAMS 0x000000070b200000, 0x000000070b200000| Untracked 
| 179|0x000000070b300000, 0x000000070b300000, 0x000000070b400000|  0%| F|  |TAMS 0x000000070b300000, 0x000000070b300000| Untracked 
| 180|0x000000070b400000, 0x000000070b400000, 0x000000070b500000|  0%| F|  |TAMS 0x000000070b400000, 0x000000070b400000| Untracked 
| 181|0x000000070b500000, 0x000000070b500000, 0x000000070b600000|  0%| F|  |TAMS 0x000000070b500000, 0x000000070b500000| Untracked 
| 182|0x000000070b600000, 0x000000070b600000, 0x000000070b700000|  0%| F|  |TAMS 0x000000070b600000, 0x000000070b600000| Untracked 
| 183|0x000000070b700000, 0x000000070b700000, 0x000000070b800000|  0%| F|  |TAMS 0x000000070b700000, 0x000000070b700000| Untracked 
| 184|0x000000070b800000, 0x000000070b800000, 0x000000070b900000|  0%| F|  |TAMS 0x000000070b800000, 0x000000070b800000| Untracked 
| 185|0x000000070b900000, 0x000000070b900000, 0x000000070ba00000|  0%| F|  |TAMS 0x000000070b900000, 0x000000070b900000| Untracked 
| 186|0x000000070ba00000, 0x000000070ba00000, 0x000000070bb00000|  0%| F|  |TAMS 0x000000070ba00000, 0x000000070ba00000| Untracked 
| 187|0x000000070bb00000, 0x000000070bb00000, 0x000000070bc00000|  0%| F|  |TAMS 0x000000070bb00000, 0x000000070bb00000| Untracked 
| 188|0x000000070bc00000, 0x000000070bc00000, 0x000000070bd00000|  0%| F|  |TAMS 0x000000070bc00000, 0x000000070bc00000| Untracked 
| 189|0x000000070bd00000, 0x000000070bd00000, 0x000000070be00000|  0%| F|  |TAMS 0x000000070bd00000, 0x000000070bd00000| Untracked 
| 190|0x000000070be00000, 0x000000070be00000, 0x000000070bf00000|  0%| F|  |TAMS 0x000000070be00000, 0x000000070be00000| Untracked 
| 191|0x000000070bf00000, 0x000000070bf00000, 0x000000070c000000|  0%| F|  |TAMS 0x000000070bf00000, 0x000000070bf00000| Untracked 
| 192|0x000000070c000000, 0x000000070c000000, 0x000000070c100000|  0%| F|  |TAMS 0x000000070c000000, 0x000000070c000000| Untracked 
| 193|0x000000070c100000, 0x000000070c100000, 0x000000070c200000|  0%| F|  |TAMS 0x000000070c100000, 0x000000070c100000| Untracked 
| 194|0x000000070c200000, 0x000000070c200000, 0x000000070c300000|  0%| F|  |TAMS 0x000000070c200000, 0x000000070c200000| Untracked 
| 195|0x000000070c300000, 0x000000070c300000, 0x000000070c400000|  0%| F|  |TAMS 0x000000070c300000, 0x000000070c300000| Untracked 
| 196|0x000000070c400000, 0x000000070c400000, 0x000000070c500000|  0%| F|  |TAMS 0x000000070c400000, 0x000000070c400000| Untracked 
| 197|0x000000070c500000, 0x000000070c500000, 0x000000070c600000|  0%| F|  |TAMS 0x000000070c500000, 0x000000070c500000| Untracked 
| 198|0x000000070c600000, 0x000000070c600000, 0x000000070c700000|  0%| F|  |TAMS 0x000000070c600000, 0x000000070c600000| Untracked 
| 199|0x000000070c700000, 0x000000070c700000, 0x000000070c800000|  0%| F|  |TAMS 0x000000070c700000, 0x000000070c700000| Untracked 
| 200|0x000000070c800000, 0x000000070c800000, 0x000000070c900000|  0%| F|  |TAMS 0x000000070c800000, 0x000000070c800000| Untracked 
| 201|0x000000070c900000, 0x000000070c900000, 0x000000070ca00000|  0%| F|  |TAMS 0x000000070c900000, 0x000000070c900000| Untracked 
| 202|0x000000070ca00000, 0x000000070ca00000, 0x000000070cb00000|  0%| F|  |TAMS 0x000000070ca00000, 0x000000070ca00000| Untracked 
| 203|0x000000070cb00000, 0x000000070cb00000, 0x000000070cc00000|  0%| F|  |TAMS 0x000000070cb00000, 0x000000070cb00000| Untracked 
| 204|0x000000070cc00000, 0x000000070cc00000, 0x000000070cd00000|  0%| F|  |TAMS 0x000000070cc00000, 0x000000070cc00000| Untracked 
| 205|0x000000070cd00000, 0x000000070cd00000, 0x000000070ce00000|  0%| F|  |TAMS 0x000000070cd00000, 0x000000070cd00000| Untracked 
| 206|0x000000070ce00000, 0x000000070ce00000, 0x000000070cf00000|  0%| F|  |TAMS 0x000000070ce00000, 0x000000070ce00000| Untracked 
| 207|0x000000070cf00000, 0x000000070cf00000, 0x000000070d000000|  0%| F|  |TAMS 0x000000070cf00000, 0x000000070cf00000| Untracked 
| 208|0x000000070d000000, 0x000000070d000000, 0x000000070d100000|  0%| F|  |TAMS 0x000000070d000000, 0x000000070d000000| Untracked 
| 209|0x000000070d100000, 0x000000070d100000, 0x000000070d200000|  0%| F|  |TAMS 0x000000070d100000, 0x000000070d100000| Untracked 
| 210|0x000000070d200000, 0x000000070d2c34e0, 0x000000070d300000| 76%| S|CS|TAMS 0x000000070d200000, 0x000000070d200000| Complete 
| 211|0x000000070d300000, 0x000000070d300000, 0x000000070d400000|  0%| F|  |TAMS 0x000000070d300000, 0x000000070d300000| Untracked 
| 212|0x000000070d400000, 0x000000070d400000, 0x000000070d500000|  0%| F|  |TAMS 0x000000070d400000, 0x000000070d400000| Untracked 
| 213|0x000000070d500000, 0x000000070d500000, 0x000000070d600000|  0%| F|  |TAMS 0x000000070d500000, 0x000000070d500000| Untracked 
| 214|0x000000070d600000, 0x000000070d600000, 0x000000070d700000|  0%| F|  |TAMS 0x000000070d600000, 0x000000070d600000| Untracked 
| 215|0x000000070d700000, 0x000000070d700000, 0x000000070d800000|  0%| F|  |TAMS 0x000000070d700000, 0x000000070d700000| Untracked 
| 216|0x000000070d800000, 0x000000070d800000, 0x000000070d900000|  0%| F|  |TAMS 0x000000070d800000, 0x000000070d800000| Untracked 
| 217|0x000000070d900000, 0x000000070d900000, 0x000000070da00000|  0%| F|  |TAMS 0x000000070d900000, 0x000000070d900000| Untracked 
| 218|0x000000070da00000, 0x000000070db00000, 0x000000070db00000|100%| S|CS|TAMS 0x000000070da00000, 0x000000070da00000| Complete 
| 219|0x000000070db00000, 0x000000070dc00000, 0x000000070dc00000|100%| S|CS|TAMS 0x000000070db00000, 0x000000070db00000| Complete 
| 220|0x000000070dc00000, 0x000000070dc00000, 0x000000070dd00000|  0%| F|  |TAMS 0x000000070dc00000, 0x000000070dc00000| Untracked 
| 221|0x000000070dd00000, 0x000000070dd78468, 0x000000070de00000| 46%| E|  |TAMS 0x000000070dd00000, 0x000000070dd00000| Complete 
| 222|0x000000070de00000, 0x000000070df00000, 0x000000070df00000|100%| E|CS|TAMS 0x000000070de00000, 0x000000070de00000| Complete 
| 223|0x000000070df00000, 0x000000070e000000, 0x000000070e000000|100%| E|CS|TAMS 0x000000070df00000, 0x000000070df00000| Complete 
| 224|0x000000070e000000, 0x000000070e100000, 0x000000070e100000|100%| E|CS|TAMS 0x000000070e000000, 0x000000070e000000| Complete 
| 225|0x000000070e100000, 0x000000070e200000, 0x000000070e200000|100%| E|  |TAMS 0x000000070e100000, 0x000000070e100000| Complete 
| 226|0x000000070e200000, 0x000000070e300000, 0x000000070e300000|100%| E|CS|TAMS 0x000000070e200000, 0x000000070e200000| Complete 
| 227|0x000000070e300000, 0x000000070e400000, 0x000000070e400000|100%| E|CS|TAMS 0x000000070e300000, 0x000000070e300000| Complete 
| 228|0x000000070e400000, 0x000000070e500000, 0x000000070e500000|100%| E|CS|TAMS 0x000000070e400000, 0x000000070e400000| Complete 
| 229|0x000000070e500000, 0x000000070e600000, 0x000000070e600000|100%| E|CS|TAMS 0x000000070e500000, 0x000000070e500000| Complete 
| 230|0x000000070e600000, 0x000000070e700000, 0x000000070e700000|100%| E|CS|TAMS 0x000000070e600000, 0x000000070e600000| Complete 
| 231|0x000000070e700000, 0x000000070e800000, 0x000000070e800000|100%| E|CS|TAMS 0x000000070e700000, 0x000000070e700000| Complete 
| 232|0x000000070e800000, 0x000000070e900000, 0x000000070e900000|100%| E|CS|TAMS 0x000000070e800000, 0x000000070e800000| Complete 
| 233|0x000000070e900000, 0x000000070ea00000, 0x000000070ea00000|100%| E|CS|TAMS 0x000000070e900000, 0x000000070e900000| Complete 
| 234|0x000000070ea00000, 0x000000070eb00000, 0x000000070eb00000|100%| E|CS|TAMS 0x000000070ea00000, 0x000000070ea00000| Complete 
| 235|0x000000070eb00000, 0x000000070ec00000, 0x000000070ec00000|100%| E|CS|TAMS 0x000000070eb00000, 0x000000070eb00000| Complete 
| 236|0x000000070ec00000, 0x000000070ed00000, 0x000000070ed00000|100%| E|CS|TAMS 0x000000070ec00000, 0x000000070ec00000| Complete 
| 237|0x000000070ed00000, 0x000000070ee00000, 0x000000070ee00000|100%| E|CS|TAMS 0x000000070ed00000, 0x000000070ed00000| Complete 
| 238|0x000000070ee00000, 0x000000070ef00000, 0x000000070ef00000|100%| E|CS|TAMS 0x000000070ee00000, 0x000000070ee00000| Complete 
| 239|0x000000070ef00000, 0x000000070f000000, 0x000000070f000000|100%| E|CS|TAMS 0x000000070ef00000, 0x000000070ef00000| Complete 
| 240|0x000000070f000000, 0x000000070f100000, 0x000000070f100000|100%| E|CS|TAMS 0x000000070f000000, 0x000000070f000000| Complete 
| 241|0x000000070f100000, 0x000000070f200000, 0x000000070f200000|100%| E|CS|TAMS 0x000000070f100000, 0x000000070f100000| Complete 
| 242|0x000000070f200000, 0x000000070f300000, 0x000000070f300000|100%| E|CS|TAMS 0x000000070f200000, 0x000000070f200000| Complete 
| 243|0x000000070f300000, 0x000000070f400000, 0x000000070f400000|100%| E|CS|TAMS 0x000000070f300000, 0x000000070f300000| Complete 
| 244|0x000000070f400000, 0x000000070f500000, 0x000000070f500000|100%| E|CS|TAMS 0x000000070f400000, 0x000000070f400000| Complete 
| 245|0x000000070f500000, 0x000000070f600000, 0x000000070f600000|100%| E|CS|TAMS 0x000000070f500000, 0x000000070f500000| Complete 
| 246|0x000000070f600000, 0x000000070f700000, 0x000000070f700000|100%| E|CS|TAMS 0x000000070f600000, 0x000000070f600000| Complete 
| 247|0x000000070f700000, 0x000000070f800000, 0x000000070f800000|100%| E|CS|TAMS 0x000000070f700000, 0x000000070f700000| Complete 
| 248|0x000000070f800000, 0x000000070f900000, 0x000000070f900000|100%| E|CS|TAMS 0x000000070f800000, 0x000000070f800000| Complete 
| 249|0x000000070f900000, 0x000000070fa00000, 0x000000070fa00000|100%| E|CS|TAMS 0x000000070f900000, 0x000000070f900000| Complete 
| 250|0x000000070fa00000, 0x000000070fb00000, 0x000000070fb00000|100%| E|CS|TAMS 0x000000070fa00000, 0x000000070fa00000| Complete 
| 251|0x000000070fb00000, 0x000000070fc00000, 0x000000070fc00000|100%| E|CS|TAMS 0x000000070fb00000, 0x000000070fb00000| Complete 
| 252|0x000000070fc00000, 0x000000070fd00000, 0x000000070fd00000|100%| E|CS|TAMS 0x000000070fc00000, 0x000000070fc00000| Complete 
| 253|0x000000070fd00000, 0x000000070fe00000, 0x000000070fe00000|100%| E|CS|TAMS 0x000000070fd00000, 0x000000070fd00000| Complete 
| 254|0x000000070fe00000, 0x000000070ff00000, 0x000000070ff00000|100%| E|CS|TAMS 0x000000070fe00000, 0x000000070fe00000| Complete 
| 255|0x000000070ff00000, 0x0000000710000000, 0x0000000710000000|100%| E|CS|TAMS 0x000000070ff00000, 0x000000070ff00000| Complete 

Card table byte_map: [0x0000000125967000,0x0000000126167000] _byte_map_base: 0x0000000122167000

Marking Bits (Prev, Next): (CMBitMap*) 0x00007ff599836850, (CMBitMap*) 0x00007ff599836818
 Prev Bits: [0x000000012a967000, 0x000000012e967000)
 Next Bits: [0x0000000126967000, 0x000000012a967000)

Polling page: 0x000000010be9a000

Metaspace:

Usage:
  Non-class:     25.81 MB capacity,    25.07 MB ( 97%) used,   604.31 KB (  2%) free+waste,   153.62 KB ( <1%) overhead. 
      Class:      4.12 MB capacity,     3.58 MB ( 87%) used,   476.57 KB ( 11%) free+waste,    76.06 KB (  2%) overhead. 
       Both:     29.93 MB capacity,    28.65 MB ( 96%) used,     1.06 MB (  4%) free+waste,   229.69 KB ( <1%) overhead. 

Virtual space:
  Non-class space:       26.00 MB reserved,      26.00 MB (100%) committed 
      Class space:        1.00 GB reserved,       4.12 MB ( <1%) committed 
             Both:        1.03 GB reserved,      30.12 MB (  3%) committed 

Chunk freelists:
   Non-Class:  2.50 KB
       Class:  0 bytes
        Both:  2.50 KB

CodeHeap 'non-profiled nmethods': size=120032Kb used=2811Kb max_used=2811Kb free=117220Kb
 bounds [0x000000011e42f000, 0x000000011e6ef000, 0x0000000125967000]
CodeHeap 'profiled nmethods': size=120032Kb used=12114Kb max_used=12114Kb free=107917Kb
 bounds [0x0000000116ef7000, 0x0000000117ad7000, 0x000000011e42f000]
CodeHeap 'non-nmethods': size=5696Kb used=1368Kb max_used=1401Kb free=4328Kb
 bounds [0x0000000116967000, 0x0000000116bd7000, 0x0000000116ef7000]
 total_blobs=6340 nmethods=5512 adapters=737
 compilation: enabled
              stopped_count=0, restarted_count=0
 full_count=0

Compilation events (10 events):
Event: 129.425 Thread 0x00007ff59a824800 5573       3       javafx.scene.Node::doComputeLayoutBounds (54 bytes)
Event: 129.425 Thread 0x00007ff59a824800 nmethod 5573 0x0000000117ac7c90 code [0x0000000117ac7ee0, 0x0000000117ac8940]
Event: 129.425 Thread 0x00007ff59a824800 5569       3       javafx.scene.shape.MoveTo$1::doAddTo (9 bytes)
Event: 129.425 Thread 0x00007ff59a824800 nmethod 5569 0x0000000117ac8c10 code [0x0000000117ac8dc0, 0x0000000117ac8fe0]
Event: 129.425 Thread 0x00007ff59a824800 5570       3       javafx.scene.shape.MoveTo::doAddTo (51 bytes)
Event: 129.426 Thread 0x00007ff59a824800 nmethod 5570 0x0000000117ac9110 code [0x0000000117ac9400, 0x0000000117aca800]
Event: 129.426 Thread 0x00007ff59a824800 5571       3       javafx.scene.shape.MoveTo::getX (19 bytes)
Event: 129.426 Thread 0x00007ff59a824800 nmethod 5571 0x0000000117acad90 code [0x0000000117acaf60, 0x0000000117acb2e0]
Event: 129.426 Thread 0x00007ff59a824800 5572       3       javafx.scene.shape.MoveTo::getY (19 bytes)
Event: 129.427 Thread 0x00007ff59a824800 nmethod 5572 0x0000000117acb410 code [0x0000000117acb5e0, 0x0000000117acb960]

GC Heap History (6 events):
Event: 1.053 GC heap before
{Heap before GC invocations=0 (full 0):
 garbage-first heap   total 262144K, used 14336K [0x0000000700000000, 0x0000000800000000)
  region size 1024K, 14 young (14336K), 0 survivors (0K)
 Metaspace       used 9813K, capacity 10073K, committed 10368K, reserved 1058816K
  class space    used 969K, capacity 1062K, committed 1152K, reserved 1048576K
}
Event: 1.074 GC heap after
{Heap after GC invocations=1 (full 0):
 garbage-first heap   total 262144K, used 2420K [0x0000000700000000, 0x0000000800000000)
  region size 1024K, 2 young (2048K), 2 survivors (2048K)
 Metaspace       used 9813K, capacity 10073K, committed 10368K, reserved 1058816K
  class space    used 969K, capacity 1062K, committed 1152K, reserved 1048576K
}
Event: 5.079 GC heap before
{Heap before GC invocations=1 (full 0):
 garbage-first heap   total 262144K, used 40308K [0x0000000700000000, 0x0000000800000000)
  region size 1024K, 38 young (38912K), 2 survivors (2048K)
 Metaspace       used 20483K, capacity 21105K, committed 21248K, reserved 1067008K
  class space    used 2438K, capacity 2709K, committed 2816K, reserved 1048576K
}
Event: 5.096 GC heap after
{Heap after GC invocations=2 (full 0):
 garbage-first heap   total 262144K, used 8878K [0x0000000700000000, 0x0000000800000000)
  region size 1024K, 7 young (7168K), 7 survivors (7168K)
 Metaspace       used 20483K, capacity 21105K, committed 21248K, reserved 1067008K
  class space    used 2438K, capacity 2709K, committed 2816K, reserved 1048576K
}
Event: 49.908 GC heap before
{Heap before GC invocations=3 (full 0):
 garbage-first heap   total 262144K, used 45742K [0x0000000700000000, 0x0000000800000000)
  region size 1024K, 43 young (44032K), 7 survivors (7168K)
 Metaspace       used 27295K, capacity 28330K, committed 28416K, reserved 1073152K
  class space    used 3368K, capacity 3782K, committed 3840K, reserved 1048576K
}
Event: 49.926 GC heap after
{Heap after GC invocations=4 (full 0):
 garbage-first heap   total 262144K, used 11949K [0x0000000700000000, 0x0000000800000000)
  region size 1024K, 3 young (3072K), 3 survivors (3072K)
 Metaspace       used 27295K, capacity 28330K, committed 28416K, reserved 1073152K
  class space    used 3368K, capacity 3782K, committed 3840K, reserved 1048576K
}

Deoptimization events (10 events):
Event: 105.894 Thread 0x00007ff5989d4800 Uncommon trap: reason=bimorphic_or_optimized_type_check action=maybe_recompile pc=0x000000011e6a2ce8 method=javafx.scene.Parent.prefWidth(D)D @ 66 c2
Event: 105.896 Thread 0x00007ff5989d4800 Uncommon trap: reason=unstable_if action=reinterpret pc=0x000000011e664c08 method=com.sun.javafx.util.Utils.clamp(DDD)D @ 3 c2
Event: 105.903 Thread 0x00007ff5989d4800 Uncommon trap: reason=bimorphic_or_optimized_type_check action=maybe_recompile pc=0x000000011e6a2ce8 method=javafx.scene.Parent.prefWidth(D)D @ 66 c2
Event: 105.904 Thread 0x00007ff5989d4800 Uncommon trap: reason=unstable_if action=reinterpret pc=0x000000011e62f31c method=javafx.scene.Parent.recomputeBounds()V @ 57 c2
Event: 118.479 Thread 0x00007ff59895c800 Uncommon trap: reason=profile_predicate action=maybe_recompile pc=0x000000011e6dcf2c method=com.sun.javafx.sg.prism.NGNode.markCullRegions(Lcom/sun/javafx/geom/DirtyRegionContainer;ILcom/sun/javafx/geom/transform/BaseTransform;Lcom/sun/javafx/geom/transfo
Event: 118.914 Thread 0x00007ff59895c800 Uncommon trap: reason=profile_predicate action=maybe_recompile pc=0x000000011e6dcf2c method=com.sun.javafx.sg.prism.NGNode.markCullRegions(Lcom/sun/javafx/geom/DirtyRegionContainer;ILcom/sun/javafx/geom/transform/BaseTransform;Lcom/sun/javafx/geom/transfo
Event: 119.147 Thread 0x00007ff59895c800 Uncommon trap: reason=profile_predicate action=maybe_recompile pc=0x000000011e6dcf2c method=com.sun.javafx.sg.prism.NGNode.markCullRegions(Lcom/sun/javafx/geom/DirtyRegionContainer;ILcom/sun/javafx/geom/transform/BaseTransform;Lcom/sun/javafx/geom/transfo
Event: 119.319 Thread 0x00007ff59895c800 Uncommon trap: reason=profile_predicate action=maybe_recompile pc=0x000000011e6dcf2c method=com.sun.javafx.sg.prism.NGNode.markCullRegions(Lcom/sun/javafx/geom/DirtyRegionContainer;ILcom/sun/javafx/geom/transform/BaseTransform;Lcom/sun/javafx/geom/transfo
Event: 121.264 Thread 0x00007ff5989d4800 Uncommon trap: reason=unstable_if action=reinterpret pc=0x000000011e606278 method=javafx.scene.Node.updateBounds()V @ 47 c2
Event: 124.057 Thread 0x00007ff5989d4800 Uncommon trap: reason=unstable_if action=reinterpret pc=0x000000011e541854 method=java.util.ArrayList$Itr.checkForComodification()V @ 11 c2

Classes redefined (0 events):
No events

Internal exceptions (10 events):
Event: 105.770 Thread 0x00007ff5989d4800 Exception <a 'java/lang/NoSuchMethodError'{0x000000070e7a8d50}: java.lang.invoke.DelegatingMethodHandle$Holder.reinvoke_L(Ljava/lang/Object;IIIII)Ljava/lang/Object;> (0x000000070e7a8d50) thrown at [./open/src/hotspot/share/interpreter/linkResolver.cpp, li
Event: 105.779 Thread 0x00007ff5989d4800 Exception <a 'java/lang/NoSuchMethodError'{0x000000070e62f070}: java.lang.invoke.DelegatingMethodHandle$Holder.reinvoke_L(Ljava/lang/Object;Ljava/lang/Object;IIILjava/lang/Object;Ljava/lang/Object;ILjava/lang/Object;Ljava/lang/Object;)Ljava/lang/Object;> 
Event: 105.786 Thread 0x00007ff5989d4800 Exception <a 'java/lang/NoSuchMethodError'{0x000000070e68d968}: java.lang.invoke.DirectMethodHandle$Holder.invokeSpecial(Ljava/lang/Object;Ljava/lang/Object;IIILjava/lang/Object;Ljava/lang/Object;ILjava/lang/Object;Ljava/lang/Object;)Ljava/lang/Object;> (
Event: 105.786 Thread 0x00007ff5989d4800 Exception <a 'java/lang/NoSuchMethodError'{0x000000070e691898}: java.lang.invoke.DelegatingMethodHandle$Holder.reinvoke_L(Ljava/lang/Object;IIILjava/lang/Object;Ljava/lang/Object;ILjava/lang/Object;Ljava/lang/Object;)Ljava/lang/Object;> (0x000000070e69189
Event: 105.787 Thread 0x00007ff5989d4800 Exception <a 'java/lang/NoSuchMethodError'{0x000000070e6a0bf8}: java.lang.invoke.DirectMethodHandle$Holder.invokeStatic(Ljava/lang/Object;Ljava/lang/Object;Ljava/lang/Object;Ljava/lang/Object;Ljava/lang/Object;Ljava/lang/Object;I)Ljava/lang/Object;> (0x00
Event: 105.805 Thread 0x00007ff5989d4800 Exception <a 'java/lang/NoSuchMethodError'{0x000000070e5aedf8}: java.lang.invoke.DelegatingMethodHandle$Holder.reinvoke_L(Ljava/lang/Object;Ljava/lang/Object;IIILjava/lang/Object;Ljava/lang/Object;ILjava/lang/Object;I)Ljava/lang/Object;> (0x000000070e5aed
Event: 105.811 Thread 0x00007ff5989d4800 Exception <a 'java/lang/NoSuchMethodError'{0x000000070e40c218}: java.lang.invoke.DirectMethodHandle$Holder.invokeSpecial(Ljava/lang/Object;Ljava/lang/Object;IIILjava/lang/Object;Ljava/lang/Object;ILjava/lang/Object;I)Ljava/lang/Object;> (0x000000070e40c21
Event: 105.811 Thread 0x00007ff5989d4800 Exception <a 'java/lang/NoSuchMethodError'{0x000000070e40ff18}: java.lang.invoke.DelegatingMethodHandle$Holder.reinvoke_L(Ljava/lang/Object;IIILjava/lang/Object;Ljava/lang/Object;ILjava/lang/Object;I)Ljava/lang/Object;> (0x000000070e40ff18) thrown at [./o
Event: 124.057 Thread 0x00007ff5989d4800 Exception <a 'java/lang/reflect/InvocationTargetException'{0x000000070de69d88}> (0x000000070de69d88) thrown at [./open/src/hotspot/share/runtime/reflection.cpp, line 1242]
Event: 124.057 Thread 0x00007ff5989d4800 Exception <a 'java/lang/RuntimeException'{0x000000070de6a878}> (0x000000070de6a878) thrown at [./open/src/hotspot/share/prims/jvm.cpp, line 1309]

Events (10 events):
Event: 124.057 loading class java/lang/Throwable$WrappedPrintStream
Event: 124.057 loading class java/lang/Throwable$PrintStreamOrWriter
Event: 124.057 loading class java/lang/Throwable$PrintStreamOrWriter done
Event: 124.057 loading class java/lang/Throwable$WrappedPrintStream done
Event: 124.890 Thread 0x00007ff59da1b800 Thread exited: 0x00007ff59da1b800
Event: 126.232 Thread 0x00007ff59da1b800 Thread added: 0x00007ff59da1b800
Event: 126.533 Thread 0x00007ff59da1b800 Thread exited: 0x00007ff59da1b800
Event: 126.613 loading class java/text/StringCharacterIterator
Event: 126.615 loading class java/text/StringCharacterIterator done
Event: 126.623 Thread 0x00007ff598e06000 Thread added: 0x00007ff598e06000


Dynamic libraries:
0x000000010be7b000 	/Library/Java/JavaVirtualMachines/jdk-11.0.12.jdk/Contents/Home/lib/jli/libjli.dylib
0x00007ff81f2bb000 	/System/Library/Frameworks/Cocoa.framework/Versions/A/Cocoa
0x00007ff80b140000 	/System/Library/Frameworks/AppKit.framework/Versions/C/AppKit
0x00007ff80e636000 	/System/Library/Frameworks/CoreData.framework/Versions/A/CoreData
0x00007ff809557000 	/System/Library/Frameworks/Foundation.framework/Versions/C/Foundation
0x00007ff8133f6000 	/usr/lib/libSystem.B.dylib
0x00007ff80bfcf000 	/System/Library/PrivateFrameworks/UIFoundation.framework/Versions/A/UIFoundation
0x00007ff81926c000 	/System/Library/PrivateFrameworks/RemoteViewServices.framework/Versions/A/RemoteViewServices
0x00007ff81165c000 	/System/Library/PrivateFrameworks/XCTTargetBootstrap.framework/Versions/A/XCTTargetBootstrap
0x00007ff815206000 	/System/Library/PrivateFrameworks/InternationalSupport.framework/Versions/A/InternationalSupport
0x00007ff815290000 	/System/Library/PrivateFrameworks/UserActivity.framework/Versions/A/UserActivity
0x00007ff8145e6000 	/usr/lib/libspindump.dylib
0x00007ff80c25d000 	/System/Library/Frameworks/UniformTypeIdentifiers.framework/Versions/A/UniformTypeIdentifiers
0x00007ff80fd99000 	/usr/lib/libapp_launch_measurement.dylib
0x00007ff80f002000 	/System/Library/PrivateFrameworks/CoreAnalytics.framework/Versions/A/CoreAnalytics
0x00007ff80fd9c000 	/System/Library/PrivateFrameworks/CoreAutoLayout.framework/Versions/A/CoreAutoLayout
0x00007ff810fbc000 	/System/Library/Frameworks/Metal.framework/Versions/A/Metal
0x00007ff811cd2000 	/usr/lib/liblangid.dylib
0x00007ff811660000 	/System/Library/PrivateFrameworks/CoreSVG.framework/Versions/A/CoreSVG
0x00007ff80d624000 	/System/Library/PrivateFrameworks/SkyLight.framework/Versions/A/SkyLight
0x00007ff80d9b7000 	/System/Library/Frameworks/CoreGraphics.framework/Versions/A/CoreGraphics
0x00007ff8198db000 	/System/Library/Frameworks/Accelerate.framework/Versions/A/Accelerate
0x00007ff814061000 	/System/Library/PrivateFrameworks/IconServices.framework/Versions/A/IconServices
0x00007ff810fa1000 	/System/Library/Frameworks/IOSurface.framework/Versions/A/IOSurface
0x00007ff80f030000 	/usr/lib/libDiagnosticMessagesClient.dylib
0x00007ff813316000 	/usr/lib/libz.1.dylib
0x00007ff81cf4a000 	/System/Library/Frameworks/ApplicationServices.framework/Versions/A/ApplicationServices
0x00007ff811648000 	/System/Library/PrivateFrameworks/DFRFoundation.framework/Versions/A/DFRFoundation
0x00007ff80aa31000 	/usr/lib/libicucore.A.dylib
0x00007ff815f2b000 	/System/Library/Frameworks/AudioToolbox.framework/Versions/A/AudioToolbox
0x00007ff815212000 	/System/Library/PrivateFrameworks/DataDetectorsCore.framework/Versions/A/DataDetectorsCore
0x00007ff910b71000 	/System/Library/PrivateFrameworks/TextInput.framework/Versions/A/TextInput
0x00007ff80d5a8000 	/usr/lib/libMobileGestalt.dylib
0x00007ff811350000 	/System/Library/Frameworks/Carbon.framework/Versions/A/Frameworks/HIToolbox.framework/Versions/A/HIToolbox
0x00007ff80f7c6000 	/System/Library/Frameworks/QuartzCore.framework/Versions/A/QuartzCore
0x00007ff80a6d1000 	/System/Library/Frameworks/Security.framework/Versions/A/Security
0x00007ff8192a4000 	/System/Library/Frameworks/Carbon.framework/Versions/A/Frameworks/SpeechRecognition.framework/Versions/A/SpeechRecognition
0x00007ff80faf9000 	/System/Library/PrivateFrameworks/CoreUI.framework/Versions/A/CoreUI
0x00007ff809fa9000 	/System/Library/Frameworks/CoreAudio.framework/Versions/A/CoreAudio
0x00007ff80f11e000 	/System/Library/Frameworks/DiskArbitration.framework/Versions/A/DiskArbitration
0x00007ff8149cd000 	/System/Library/PrivateFrameworks/MultitouchSupport.framework/Versions/A/MultitouchSupport
0x00007ff80d5a7000 	/usr/lib/libenergytrace.dylib
0x00007ff80b02c000 	/System/Library/Frameworks/IOKit.framework/Versions/A/IOKit
0x00007ff819690000 	/System/Library/Frameworks/CoreServices.framework/Versions/A/CoreServices
0x00007ff80fd33000 	/System/Library/PrivateFrameworks/PerformanceAnalysis.framework/Versions/A/PerformanceAnalysis
0x00007ffa2033c000 	/System/Library/Frameworks/OpenGL.framework/Versions/A/OpenGL
0x00007ff812947000 	/System/Library/PrivateFrameworks/MobileKeyBag.framework/Versions/A/MobileKeyBag
0x00007ff808518000 	/usr/lib/libobjc.A.dylib
0x00007ff80e083000 	/System/Library/Frameworks/ColorSync.framework/Versions/A/ColorSync
0x00007ff8086d1000 	/System/Library/Frameworks/CoreFoundation.framework/Versions/A/CoreFoundation
0x00007ff8118d9000 	/System/Library/Frameworks/CoreImage.framework/Versions/A/CoreImage
0x00007ff809dbf000 	/System/Library/Frameworks/CoreText.framework/Versions/A/CoreText
0x00007ff81168f000 	/System/Library/Frameworks/ImageIO.framework/Versions/A/ImageIO
0x00007ff8133fc000 	/System/Library/PrivateFrameworks/SoftLinking.framework/Versions/A/SoftLinking
0x00007ff80fde4000 	/usr/lib/libxml2.2.dylib
0x00007ff8085de000 	/usr/lib/libc++.1.dylib
0x00007ff813680000 	/usr/lib/libcompression.dylib
0x00007ff81513c000 	/System/Library/PrivateFrameworks/TextureIO.framework/Versions/A/TextureIO
0x00007ff813d73000 	/usr/lib/libate.dylib
0x00007ff8133f1000 	/usr/lib/system/libcache.dylib
0x00007ff8133ad000 	/usr/lib/system/libcommonCrypto.dylib
0x00007ff8133d6000 	/usr/lib/system/libcompiler_rt.dylib
0x00007ff8133cc000 	/usr/lib/system/libcopyfile.dylib
0x00007ff808412000 	/usr/lib/system/libcorecrypto.dylib
0x00007ff8084d1000 	/usr/lib/system/libdispatch.dylib
0x00007ff808690000 	/usr/lib/system/libdyld.dylib
0x00007ff8133e8000 	/usr/lib/system/libkeymgr.dylib
0x00007ff81338b000 	/usr/lib/system/libmacho.dylib
0x00007ff812a1b000 	/usr/lib/system/libquarantine.dylib
0x00007ff8133e6000 	/usr/lib/system/libremovefile.dylib
0x00007ff80d5f4000 	/usr/lib/system/libsystem_asl.dylib
0x00007ff8083c0000 	/usr/lib/system/libsystem_blocks.dylib
0x00007ff808555000 	/usr/lib/system/libsystem_c.dylib
0x00007ff8133de000 	/usr/lib/system/libsystem_collections.dylib
0x00007ff811cc3000 	/usr/lib/system/libsystem_configuration.dylib
0x00007ff810f84000 	/usr/lib/system/libsystem_containermanager.dylib
0x00007ff8130c8000 	/usr/lib/system/libsystem_coreservices.dylib
0x00007ff80acba000 	/usr/lib/system/libsystem_darwin.dylib
0x00007ff8133e9000 	/usr/lib/system/libsystem_dnssd.dylib
0x00007ff808552000 	/usr/lib/system/libsystem_featureflags.dylib
0x00007ff8086a6000 	/usr/lib/system/libsystem_info.dylib
0x00007ff813329000 	/usr/lib/system/libsystem_m.dylib
0x00007ff8084a5000 	/usr/lib/system/libsystem_malloc.dylib
0x00007ff80d591000 	/usr/lib/system/libsystem_networkextension.dylib
0x00007ff80b0e2000 	/usr/lib/system/libsystem_notify.dylib
0x00007ff819565000 	/usr/lib/system/libsystem_product_info_filter.dylib
0x00007ff811cc7000 	/usr/lib/system/libsystem_sandbox.dylib
0x00007ff8133e3000 	/usr/lib/system/libsystem_secinit.dylib
0x00007ff80864d000 	/usr/lib/system/libsystem_kernel.dylib
0x00007ff80869c000 	/usr/lib/system/libsystem_platform.dylib
0x00007ff808684000 	/usr/lib/system/libsystem_pthread.dylib
0x00007ff80ee49000 	/usr/lib/system/libsystem_symptoms.dylib
0x00007ff8083f9000 	/usr/lib/system/libsystem_trace.dylib
0x00007ff8133b9000 	/usr/lib/system/libunwind.dylib
0x00007ff8083c2000 	/usr/lib/system/libxpc.dylib
0x00007ff808637000 	/usr/lib/libc++abi.dylib
0x00007ff8133c4000 	/usr/lib/liboah.dylib
0x00007ff813b51000 	/usr/lib/liblzma.5.dylib
0x00007ff809268000 	/System/Library/Frameworks/SystemConfiguration.framework/Versions/A/SystemConfiguration
0x00007ff8133f8000 	/usr/lib/libfakelink.dylib
0x00007ff80d0fa000 	/System/Library/Frameworks/CFNetwork.framework/Versions/A/CFNetwork
0x00007ff813537000 	/usr/lib/libarchive.2.dylib
0x00007ff811cce000 	/System/Library/PrivateFrameworks/AppleSystemInfo.framework/Versions/A/AppleSystemInfo
0x00007ff812a42000 	/usr/lib/libbsm.0.dylib
0x00007ff80c730000 	/usr/lib/libnetwork.dylib
0x00007ff813391000 	/usr/lib/system/libkxld.dylib
0x00007ff812670000 	/System/Library/PrivateFrameworks/IOMobileFramebuffer.framework/Versions/A/IOMobileFramebuffer
0x00007ffb1e0ea000 	/usr/lib/libCoreEntitlements.dylib
0x00007ff8130aa000 	/System/Library/PrivateFrameworks/AppleFSCompression.framework/Versions/A/AppleFSCompression
0x00007ff812a2a000 	/usr/lib/libcoretls.dylib
0x00007ff813b6b000 	/usr/lib/libcoretls_cfhelpers.dylib
0x00007ff81367b000 	/usr/lib/libpam.2.dylib
0x00007ff80ea6b000 	/usr/lib/libsqlite3.dylib
0x00007ff813bda000 	/usr/lib/libxar.1.dylib
0x00007ff8130ba000 	/usr/lib/libbz2.1.0.dylib
0x00007ff8133fd000 	/usr/lib/libpcap.A.dylib
0x00007ff80ee40000 	/usr/lib/libdns_services.dylib
0x00007ff81364a000 	/usr/lib/libapple_nghttp2.dylib
0x00007ff813434000 	/usr/lib/libiconv.2.dylib
0x00007ff81338a000 	/usr/lib/libcharset.1.dylib
0x00007ff80fd67000 	/System/Library/Frameworks/CoreServices.framework/Versions/A/Frameworks/FSEvents.framework/Versions/A/FSEvents
0x00007ff80acc4000 	/System/Library/Frameworks/CoreServices.framework/Versions/A/Frameworks/CarbonCore.framework/Versions/A/CarbonCore
0x00007ff80f083000 	/System/Library/Frameworks/CoreServices.framework/Versions/A/Frameworks/Metadata.framework/Versions/A/Metadata
0x00007ff8130cd000 	/System/Library/Frameworks/CoreServices.framework/Versions/A/Frameworks/OSServices.framework/Versions/A/OSServices
0x00007ff8135be000 	/System/Library/Frameworks/CoreServices.framework/Versions/A/Frameworks/SearchKit.framework/Versions/A/SearchKit
0x00007ff80edd2000 	/System/Library/Frameworks/CoreServices.framework/Versions/A/Frameworks/AE.framework/Versions/A/AE
0x00007ff808bd4000 	/System/Library/Frameworks/CoreServices.framework/Versions/A/Frameworks/LaunchServices.framework/Versions/A/LaunchServices
0x00007ff813b02000 	/System/Library/Frameworks/CoreServices.framework/Versions/A/Frameworks/DictionaryServices.framework/Versions/A/DictionaryServices
0x00007ff80fd74000 	/System/Library/Frameworks/CoreServices.framework/Versions/A/Frameworks/SharedFileList.framework/Versions/A/SharedFileList
0x00007ff812a1e000 	/usr/lib/libCheckFix.dylib
0x00007ff80d60b000 	/System/Library/PrivateFrameworks/TCC.framework/Versions/A/TCC
0x00007ff811cd4000 	/System/Library/PrivateFrameworks/CoreNLP.framework/Versions/A/CoreNLP
0x00007ff80f033000 	/System/Library/PrivateFrameworks/MetadataUtilities.framework/Versions/A/MetadataUtilities
0x00007ff809318000 	/usr/lib/libmecabra.dylib
0x00007ff812a52000 	/usr/lib/libmecab.dylib
0x00007ff8092e3000 	/usr/lib/libCRFSuite.dylib
0x00007ff812aaf000 	/usr/lib/libgermantok.dylib
0x00007ff813625000 	/usr/lib/libThaiTokenizer.dylib
0x00007ff80f125000 	/System/Library/Frameworks/Accelerate.framework/Versions/A/Frameworks/vImage.framework/Versions/A/vImage
0x00007ff819667000 	/System/Library/Frameworks/Accelerate.framework/Versions/A/Frameworks/vecLib.framework/Versions/A/vecLib
0x00007ff813c1b000 	/System/Library/Frameworks/Accelerate.framework/Versions/A/Frameworks/vecLib.framework/Versions/A/libvMisc.dylib
0x00007ff81248e000 	/System/Library/Frameworks/Accelerate.framework/Versions/A/Frameworks/vecLib.framework/Versions/A/libvDSP.dylib
0x00007ff808f4c000 	/System/Library/Frameworks/Accelerate.framework/Versions/A/Frameworks/vecLib.framework/Versions/A/libBLAS.dylib
0x00007ff81375c000 	/System/Library/Frameworks/Accelerate.framework/Versions/A/Frameworks/vecLib.framework/Versions/A/libLAPACK.dylib
0x00007ff812ab2000 	/System/Library/Frameworks/Accelerate.framework/Versions/A/Frameworks/vecLib.framework/Versions/A/libLinearAlgebra.dylib
0x00007ff813663000 	/System/Library/Frameworks/Accelerate.framework/Versions/A/Frameworks/vecLib.framework/Versions/A/libSparseBLAS.dylib
0x00007ff813756000 	/System/Library/Frameworks/Accelerate.framework/Versions/A/Frameworks/vecLib.framework/Versions/A/libQuadrature.dylib
0x00007ff811dbe000 	/System/Library/Frameworks/Accelerate.framework/Versions/A/Frameworks/vecLib.framework/Versions/A/libBNNS.dylib
0x00007ff8091f9000 	/System/Library/Frameworks/Accelerate.framework/Versions/A/Frameworks/vecLib.framework/Versions/A/libSparse.dylib
0x00007ff811db7000 	/System/Library/PrivateFrameworks/LinguisticData.framework/Versions/A/LinguisticData
0x00007ff8091ae000 	/System/Library/PrivateFrameworks/Lexicon.framework/Versions/A/Lexicon
0x00007ff813c14000 	/usr/lib/libChineseTokenizer.dylib
0x00007ff809912000 	/System/Library/PrivateFrameworks/LanguageModeling.framework/Versions/A/LanguageModeling
0x00007ff813627000 	/System/Library/PrivateFrameworks/AppleSauce.framework/Versions/A/AppleSauce
0x00007ff81265e000 	/System/Library/PrivateFrameworks/CoreEmoji.framework/Versions/A/CoreEmoji
0x00007ff813526000 	/usr/lib/libcmph.dylib
0x00007ff80fd4b000 	/System/Library/Frameworks/OpenDirectory.framework/Versions/A/Frameworks/CFOpenDirectory.framework/Versions/A/CFOpenDirectory
0x00007ff80fd3f000 	/System/Library/Frameworks/OpenDirectory.framework/Versions/A/OpenDirectory
0x00007ff813b6d000 	/System/Library/PrivateFrameworks/APFS.framework/Versions/A/APFS
0x00007ff81297f000 	/System/Library/Frameworks/SecurityFoundation.framework/Versions/A/SecurityFoundation
0x00007ff813be8000 	/usr/lib/libutil.dylib
0x00007ff80afef000 	/System/Library/PrivateFrameworks/CoreServicesStore.framework/Versions/A/CoreServicesStore
0x00007ff813bec000 	/usr/lib/libxslt.1.dylib
0x00007ff812a0c000 	/System/Library/PrivateFrameworks/BackgroundTaskManagement.framework/Versions/A/BackgroundTaskManagement
0x00007ff81505c000 	/System/Library/Frameworks/ImageIO.framework/Versions/A/Resources/libRadiance.dylib
0x00007ff815065000 	/System/Library/Frameworks/ImageIO.framework/Versions/A/Resources/libJPEG.dylib
0x00007ff814fb5000 	/System/Library/Frameworks/ImageIO.framework/Versions/A/Resources/libPng.dylib
0x00007ff814fd6000 	/System/Library/Frameworks/ImageIO.framework/Versions/A/Resources/libTIFF.dylib
0x00007ff8150c5000 	/System/Library/Frameworks/ImageIO.framework/Versions/A/Resources/libGIF.dylib
0x00007ff8148e6000 	/System/Library/Frameworks/ImageIO.framework/Versions/A/Resources/libJP2.dylib
0x00007ff814028000 	/usr/lib/libexpat.1.dylib
0x00007ff81489b000 	/System/Library/PrivateFrameworks/AppleJPEG.framework/Versions/A/AppleJPEG
0x00007ff811217000 	/System/Library/PrivateFrameworks/FontServices.framework/libFontParser.dylib
0x00007ff80ed7c000 	/System/Library/PrivateFrameworks/RunningBoardServices.framework/Versions/A/RunningBoardServices
0x00007ff81f835000 	/System/Library/PrivateFrameworks/IOSurfaceAccelerator.framework/Versions/A/IOSurfaceAccelerator
0x00007ff8149c9000 	/System/Library/PrivateFrameworks/WatchdogClient.framework/Versions/A/WatchdogClient
0x00007ff809a01000 	/System/Library/Frameworks/CoreDisplay.framework/Versions/A/CoreDisplay
0x00007ff811116000 	/System/Library/Frameworks/CoreMedia.framework/Versions/A/CoreMedia
0x00007ff810fb3000 	/System/Library/PrivateFrameworks/IOAccelerator.framework/Versions/A/IOAccelerator
0x00007ff80fec7000 	/System/Library/Frameworks/CoreVideo.framework/Versions/A/CoreVideo
0x00007ff813679000 	/System/Library/Frameworks/MetalPerformanceShaders.framework/Versions/A/MetalPerformanceShaders
0x00007ff814a04000 	/System/Library/Frameworks/VideoToolbox.framework/Versions/A/VideoToolbox
0x00007ff80ecc4000 	/System/Library/PrivateFrameworks/BaseBoard.framework/Versions/A/BaseBoard
0x00007ff80ea51000 	/System/Library/PrivateFrameworks/ProtocolBuffer.framework/Versions/A/ProtocolBuffer
0x00007ff815055000 	/System/Library/PrivateFrameworks/GPUWrangler.framework/Versions/A/GPUWrangler
0x00007ff815038000 	/System/Library/PrivateFrameworks/IOPresentment.framework/Versions/A/IOPresentment
0x00007ff81505f000 	/System/Library/PrivateFrameworks/DSExternalDisplay.framework/Versions/A/DSExternalDisplay
0x00007ffa20330000 	/System/Library/Frameworks/OpenGL.framework/Versions/A/Libraries/libCoreFSCache.dylib
0x00007ffb0c3d4000 	/System/Library/PrivateFrameworks/GPUCompiler.framework/Versions/31001/Libraries/libGPUCompilerUtils.dylib
0x00007ff8150ca000 	/System/Library/PrivateFrameworks/CMCaptureCore.framework/Versions/A/CMCaptureCore
0x00007ff8145d4000 	/System/Library/PrivateFrameworks/AppServerSupport.framework/Versions/A/AppServerSupport
0x00007ff8167b1000 	/System/Library/PrivateFrameworks/perfdata.framework/Versions/A/perfdata
0x00007ff809b2d000 	/System/Library/PrivateFrameworks/AudioToolboxCore.framework/Versions/A/AudioToolboxCore
0x00007ff8110f3000 	/System/Library/PrivateFrameworks/caulk.framework/Versions/A/caulk
0x00007ff8160d5000 	/usr/lib/libAudioStatistics.dylib
0x00007ff90d402000 	/System/Library/PrivateFrameworks/SystemPolicy.framework/Versions/A/SystemPolicy
0x00007ff81632a000 	/usr/lib/libSMC.dylib
0x00007ff81f16e000 	/System/Library/Frameworks/CoreMIDI.framework/Versions/A/CoreMIDI
0x00007ff814f85000 	/usr/lib/libAudioToolboxUtility.dylib
0x00007ff909814000 	/System/Library/PrivateFrameworks/OSAServicesClient.framework/Versions/A/OSAServicesClient
0x00007ff8167be000 	/usr/lib/libperfcheck.dylib
0x00007ff90de94000 	/usr/lib/libmis.dylib
0x00007ffa2038c000 	/System/Library/Frameworks/OpenGL.framework/Versions/A/Libraries/libGLU.dylib
0x00007ffa2034f000 	/System/Library/Frameworks/OpenGL.framework/Versions/A/Libraries/libGFXShared.dylib
0x00007ffa2055d000 	/System/Library/Frameworks/OpenGL.framework/Versions/A/Libraries/libGL.dylib
0x00007ffa20358000 	/System/Library/Frameworks/OpenGL.framework/Versions/A/Libraries/libGLImage.dylib
0x00007ffa2034c000 	/System/Library/Frameworks/OpenGL.framework/Versions/A/Libraries/libCVMSPluginSupport.dylib
0x00007ffa20337000 	/System/Library/Frameworks/OpenGL.framework/Versions/A/Libraries/libCoreVMClient.dylib
0x00007ff811c52000 	/System/Library/Frameworks/MetalPerformanceShaders.framework/Versions/A/Frameworks/MPSCore.framework/Versions/A/MPSCore
0x00007ff813015000 	/System/Library/Frameworks/MetalPerformanceShaders.framework/Versions/A/Frameworks/MPSImage.framework/Versions/A/MPSImage
0x00007ff812ac8000 	/System/Library/Frameworks/MetalPerformanceShaders.framework/Versions/A/Frameworks/MPSNeuralNetwork.framework/Versions/A/MPSNeuralNetwork
0x00007ff812f3d000 	/System/Library/Frameworks/MetalPerformanceShaders.framework/Versions/A/Frameworks/MPSMatrix.framework/Versions/A/MPSMatrix
0x00007ff812cf9000 	/System/Library/Frameworks/MetalPerformanceShaders.framework/Versions/A/Frameworks/MPSRayIntersector.framework/Versions/A/MPSRayIntersector
0x00007ff812f76000 	/System/Library/Frameworks/MetalPerformanceShaders.framework/Versions/A/Frameworks/MPSNDArray.framework/Versions/A/MPSNDArray
0x00007ffa24f4e000 	/System/Library/Frameworks/MetalPerformanceShaders.framework/Versions/A/Frameworks/MPSFunctions.framework/Versions/A/MPSFunctions
0x00007ff808e2f000 	/System/Library/PrivateFrameworks/MetalTools.framework/Versions/A/MetalTools
0x00007ff811ccc000 	/System/Library/PrivateFrameworks/AggregateDictionary.framework/Versions/A/AggregateDictionary
0x00007ff813e0a000 	/usr/lib/libIOReport.dylib
0x00007ffa2196c000 	/System/Library/Frameworks/OpenCL.framework/Versions/A/OpenCL
0x00007ff81416e000 	/System/Library/PrivateFrameworks/FaceCore.framework/Versions/A/FaceCore
0x00007ff81415f000 	/System/Library/PrivateFrameworks/GraphVisualizer.framework/Versions/A/GraphVisualizer
0x00007ffb0c2df000 	/System/Library/PrivateFrameworks/FontServices.framework/Versions/A/FontServices
0x00007ff81458b000 	/System/Library/PrivateFrameworks/OTSVG.framework/Versions/A/OTSVG
0x00007ff80faaf000 	/System/Library/Frameworks/ApplicationServices.framework/Versions/A/Frameworks/ATS.framework/Versions/A/Resources/libFontRegistry.dylib
0x00007ff8145dc000 	/System/Library/PrivateFrameworks/FontServices.framework/libhvf.dylib
0x00007ffb0c2e0000 	/System/Library/PrivateFrameworks/FontServices.framework/libXTFontStaticRegistryData.dylib
0x00007ff813fd8000 	/System/Library/PrivateFrameworks/AppleVA.framework/Versions/A/AppleVA
0x00007ff8160f9000 	/System/Library/Frameworks/ApplicationServices.framework/Versions/A/Frameworks/ATS.framework/Versions/A/ATS
0x00007ff80e17f000 	/System/Library/Frameworks/ApplicationServices.framework/Versions/A/Frameworks/HIServices.framework/Versions/A/HIServices
0x00007ff8150d4000 	/System/Library/Frameworks/ApplicationServices.framework/Versions/A/Frameworks/PrintCore.framework/Versions/A/PrintCore
0x00007ff81647d000 	/System/Library/Frameworks/ApplicationServices.framework/Versions/A/Frameworks/QD.framework/Versions/A/QD
0x00007ff816475000 	/System/Library/Frameworks/ApplicationServices.framework/Versions/A/Frameworks/ColorSyncLegacy.framework/Versions/A/ColorSyncLegacy
0x00007ff8160e9000 	/System/Library/Frameworks/ApplicationServices.framework/Versions/A/Frameworks/SpeechSynthesis.framework/Versions/A/SpeechSynthesis
0x00007ff815095000 	/System/Library/Frameworks/ApplicationServices.framework/Versions/A/Frameworks/ATSUI.framework/Versions/A/ATSUI
0x00007ff81640a000 	/usr/lib/libcups.2.dylib
0x00007ff8167cd000 	/System/Library/Frameworks/Kerberos.framework/Versions/A/Kerberos
0x00007ff8167dc000 	/System/Library/Frameworks/GSS.framework/Versions/A/GSS
0x00007ff816165000 	/usr/lib/libresolv.9.dylib
0x00007ff8145eb000 	/System/Library/PrivateFrameworks/Heimdal.framework/Versions/A/Heimdal
0x00007ff81d2c5000 	/System/Library/Frameworks/Kerberos.framework/Versions/A/Libraries/libHeimdalProxy.dylib
0x00007ff80ee51000 	/System/Library/Frameworks/Network.framework/Versions/A/Network
0x00007ff814042000 	/usr/lib/libheimdal-asn1.dylib
0x00007ff816828000 	/System/Library/PrivateFrameworks/CommonAuth.framework/Versions/A/CommonAuth
0x00007ff816066000 	/System/Library/PrivateFrameworks/AudioSession.framework/Versions/A/AudioSession
0x00007ff8140d2000 	/System/Library/PrivateFrameworks/MediaExperience.framework/Versions/A/MediaExperience
0x00007ff815efa000 	/System/Library/PrivateFrameworks/AudioSession.framework/libSessionUtility.dylib
0x00007ff816489000 	/System/Library/PrivateFrameworks/AudioResourceArbitration.framework/Versions/A/AudioResourceArbitration
0x00007ff81a47a000 	/System/Library/PrivateFrameworks/PowerLog.framework/Versions/A/PowerLog
0x00007ff81404b000 	/System/Library/PrivateFrameworks/IconFoundation.framework/Versions/A/IconFoundation
0x00007ff819294000 	/System/Library/PrivateFrameworks/SpeechRecognitionCore.framework/Versions/A/SpeechRecognitionCore
0x000000010d717000 	/Library/Java/JavaVirtualMachines/jdk-11.0.12.jdk/Contents/Home/lib/server/libjvm.dylib
0x000000010bea9000 	/Library/Java/JavaVirtualMachines/jdk-11.0.12.jdk/Contents/Home/lib/libverify.dylib
0x000000010bee5000 	/Library/Java/JavaVirtualMachines/jdk-11.0.12.jdk/Contents/Home/lib/libjava.dylib
0x000000010beb9000 	/Library/Java/JavaVirtualMachines/jdk-11.0.12.jdk/Contents/Home/lib/libjimage.dylib
0x000000010bed4000 	/Library/Java/JavaVirtualMachines/jdk-11.0.12.jdk/Contents/Home/lib/libinstrument.dylib
0x000000010bf51000 	/Library/Java/JavaVirtualMachines/jdk-11.0.12.jdk/Contents/Home/lib/libzip.dylib
0x000000010c1df000 	/Library/Java/JavaVirtualMachines/jdk-11.0.12.jdk/Contents/Home/lib/libnio.dylib
0x000000010c20b000 	/Library/Java/JavaVirtualMachines/jdk-11.0.12.jdk/Contents/Home/lib/libnet.dylib
0x000000010c1d4000 	/Library/Java/JavaVirtualMachines/jdk-11.0.12.jdk/Contents/Home/lib/libextnet.dylib
0x000000010c425000 	/Users/lukajohn/Documents/javafx-sdk-17.0.1/lib/libprism_es2.dylib
0x00007ff80afb0000 	/System/Library/PrivateFrameworks/CoreServicesInternal.framework/Versions/A/CoreServicesInternal
0x00007ffa20568000 	/System/Library/Frameworks/OpenGL.framework/Versions/A/Resources/GLEngine.bundle/GLEngine
0x00007ffa203ca000 	/System/Library/Frameworks/OpenGL.framework/Versions/A/Libraries/libGLProgrammability.dylib
0x00007ffa1809e000 	/System/Library/Extensions/AppleIntelBDWGraphicsGLDriver.bundle/Contents/MacOS/AppleIntelBDWGraphicsGLDriver
0x00007ff917d5d000 	/System/Library/PrivateFrameworks/GPUSupport.framework/Versions/A/Libraries/libGPUSupportMercury.dylib
0x00007ffa206f7000 	/System/Library/Frameworks/OpenGL.framework/Versions/A/Resources/GLRendererFloat.bundle/GLRendererFloat
0x000000010d266000 	/Users/lukajohn/Documents/javafx-sdk-17.0.1/lib/libglass.dylib
0x00007ff81aa6b000 	/System/Library/Frameworks/FileProvider.framework/Versions/A/FileProvider
0x00007ff80ec30000 	/System/Library/Frameworks/Accounts.framework/Versions/A/Accounts
0x00007ff81abe2000 	/System/Library/PrivateFrameworks/GenerationalStorage.framework/Versions/A/GenerationalStorage
0x00007ff81b6f4000 	/System/Library/PrivateFrameworks/CoreSymbolication.framework/Versions/A/CoreSymbolication
0x00007ff81a46f000 	/System/Library/PrivateFrameworks/SymptomDiagnosticReporter.framework/Versions/A/SymptomDiagnosticReporter
0x00007ff80c271000 	/System/Library/PrivateFrameworks/DesktopServicesPriv.framework/Versions/A/DesktopServicesPriv
0x00007ff80b0f1000 	/usr/lib/libsandbox.1.dylib
0x00007ff80ff46000 	/System/Library/PrivateFrameworks/UserManagement.framework/Versions/A/UserManagement
0x00007ff81b6b9000 	/System/Library/PrivateFrameworks/DebugSymbols.framework/Versions/A/DebugSymbols
0x00007ff81646a000 	/System/Library/PrivateFrameworks/NetAuth.framework/Versions/A/NetAuth
0x00007ff817358000 	/System/Library/PrivateFrameworks/Sharing.framework/Versions/A/Sharing
0x00007ff80ff19000 	/System/Library/PrivateFrameworks/login.framework/Versions/A/Frameworks/loginsupport.framework/Versions/A/loginsupport
0x00007ff81c7f9000 	/System/Library/PrivateFrameworks/Apple80211.framework/Versions/A/Apple80211
0x00007ff8130fa000 	/System/Library/PrivateFrameworks/AuthKit.framework/Versions/A/AuthKit
0x00007ff812754000 	/System/Library/PrivateFrameworks/CoreUtils.framework/Versions/A/CoreUtils
0x00007ff81267b000 	/System/Library/Frameworks/CoreWLAN.framework/Versions/A/CoreWLAN
0x00007ff8174b3000 	/System/Library/Frameworks/IOBluetooth.framework/Versions/A/IOBluetooth
0x00007ff81c861000 	/System/Library/PrivateFrameworks/CoreWiFi.framework/Versions/A/CoreWiFi
0x00007ff81b28e000 	/System/Library/PrivateFrameworks/FrontBoardServices.framework/Versions/A/FrontBoardServices
0x00007ff81b320000 	/System/Library/PrivateFrameworks/BoardServices.framework/Versions/A/BoardServices
0x00007ff81296e000 	/System/Library/PrivateFrameworks/AssertionServices.framework/Versions/A/AssertionServices
0x00007ff81c9e5000 	/System/Library/PrivateFrameworks/BackBoardServices.framework/Versions/A/BackBoardServices
0x00007ff8168b7000 	/System/Library/PrivateFrameworks/CorePhoneNumbers.framework/Versions/A/CorePhoneNumbers
0x00007ff81a58c000 	/System/Library/PrivateFrameworks/DiskManagement.framework/Versions/A/DiskManagement
0x00007ff81a4a0000 	/System/Library/PrivateFrameworks/AppleIDAuthSupport.framework/Versions/A/AppleIDAuthSupport
0x00007ffa26ee4000 	/System/Library/PrivateFrameworks/AAAFoundation.framework/Versions/A/AAAFoundation
0x00007ff816898000 	/System/Library/PrivateFrameworks/KeychainCircle.framework/Versions/A/KeychainCircle
0x00007ff81a558000 	/System/Library/PrivateFrameworks/MediaKit.framework/Versions/A/MediaKit
0x00007ff81a4ac000 	/System/Library/Frameworks/DiscRecording.framework/Versions/A/DiscRecording
0x00007ff813f50000 	/usr/lib/libCoreStorage.dylib
0x00007ff81ccd4000 	/usr/lib/libcsfde.dylib
0x00007ff817580000 	/System/Library/PrivateFrameworks/ProtectedCloudStorage.framework/Versions/A/ProtectedCloudStorage
0x00007ff81ccd0000 	/System/Library/PrivateFrameworks/EFILogin.framework/Versions/A/EFILogin
0x00007ff81ac08000 	/System/Library/PrivateFrameworks/OctagonTrust.framework/Versions/A/OctagonTrust
0x00007ffb0b601000 	/System/Library/PrivateFrameworks/CoreUtilsExtras.framework/Versions/A/CoreUtilsExtras
0x00007ff81a3e2000 	/System/Library/Frameworks/CoreBluetooth.framework/Versions/A/CoreBluetooth
0x00007ff81d34a000 	/System/Library/Frameworks/AudioUnit.framework/Versions/A/AudioUnit
0x00007ff813f48000 	/usr/lib/libMatch.1.dylib
0x00007ff9122e3000 	/System/Library/Frameworks/Accelerate.framework/Versions/A/Frameworks/vImage.framework/Versions/A/Libraries/libCGInterfaces.dylib
0x000000013457e000 	/usr/lib/libobjc-trampolines.dylib
0x00007ff80fc3f000 	/System/Library/PrivateFrameworks/ViewBridge.framework/Versions/A/ViewBridge
0x0000000136f25000 	/Users/lukajohn/Documents/javafx-sdk-17.0.1/lib/libjavafx_font.dylib
0x00007ff8146a5000 	/System/Library/PrivateFrameworks/login.framework/Versions/A/login
0x00007ffb1e1f8000 	/usr/lib/libRosetta.dylib
0x00007ff81995f000 	/System/Library/PrivateFrameworks/SystemAdministration.framework/Versions/A/SystemAdministration
0x00007ff8152fc000 	/System/Library/Frameworks/MediaToolbox.framework/Versions/A/MediaToolbox
0x00007ff819260000 	/System/Library/Frameworks/DirectoryService.framework/Versions/A/DirectoryService
0x00007ff81cb72000 	/System/Library/PrivateFrameworks/DiskImages.framework/Versions/A/DiskImages
0x00007ff812a16000 	/System/Library/Frameworks/ServiceManagement.framework/Versions/A/ServiceManagement
0x00007ff81cd4c000 	/System/Library/PrivateFrameworks/LoginUIKit.framework/Versions/A/Frameworks/LoginUICore.framework/Versions/A/LoginUICore
0x00007ff814853000 	/usr/lib/libodfde.dylib
0x00007ff81aa3b000 	/System/Library/PrivateFrameworks/CoreAVCHD.framework/Versions/A/CoreAVCHD
0x00007ff819923000 	/System/Library/Frameworks/MediaAccessibility.framework/Versions/A/MediaAccessibility
0x00007ff81aa37000 	/System/Library/PrivateFrameworks/Mangrove.framework/Versions/A/Mangrove
0x00007ff81992e000 	/System/Library/PrivateFrameworks/AlgosScoreFramework.framework/Versions/A/AlgosScoreFramework
0x00007ffb08a4d000 	/System/Library/PrivateFrameworks/CMPhoto.framework/Versions/A/CMPhoto
0x00007ff81b58f000 	/System/Library/PrivateFrameworks/AppleVPA.framework/Versions/A/AppleVPA
0x00007ff81a67c000 	/System/Library/PrivateFrameworks/CoreAUC.framework/Versions/A/CoreAUC
0x00007ff81cce0000 	/usr/lib/libcurl.4.dylib
0x00007ff81ca3d000 	/usr/lib/libcrypto.44.dylib
0x00007ff81cb45000 	/usr/lib/libssl.46.dylib
0x00007ff81ca03000 	/System/Library/Frameworks/LDAP.framework/Versions/A/LDAP
0x00007ff81ca3b000 	/System/Library/PrivateFrameworks/TrustEvaluationAgent.framework/Versions/A/TrustEvaluationAgent
0x00007ff81617e000 	/usr/lib/libsasl2.2.dylib
0x00007ff819953000 	/System/Library/PrivateFrameworks/CoreDaemon.framework/Versions/B/CoreDaemon
0x00007ff81994e000 	/System/Library/PrivateFrameworks/AppleSRP.framework/Versions/A/AppleSRP


VM Arguments:
jvm_args: --module-path=/Users/lukajohn/Documents/javafx-sdk-17.0.1/lib --add-modules=javafx.controls,javafx.fxml -Djava.library.path=/Users/lukajohn/Documents/javafx-sdk-17.0.1/lib -javaagent:/Applications/IntelliJ IDEA.app/Contents/lib/idea_rt.jar=59171:/Applications/IntelliJ IDEA.app/Contents/bin -Dfile.encoding=UTF-8 
java_command: put.poznan.Main
java_class_path (initial): /Users/lukajohn/IdeaProjects/OfficeApp/out/production/OfficeApp:/Users/lukajohn/Documents/javafx-sdk-17.0.1/lib/javafx-swt.jar:/Users/lukajohn/Documents/javafx-sdk-17.0.1/lib/javafx.web.jar:/Users/lukajohn/Documents/javafx-sdk-17.0.1/lib/javafx.base.jar:/Users/lukajohn/Documents/javafx-sdk-17.0.1/lib/javafx.fxml.jar:/Users/lukajohn/Documents/javafx-sdk-17.0.1/lib/javafx.media.jar:/Users/lukajohn/Documents/javafx-sdk-17.0.1/lib/javafx.swing.jar:/Users/lukajohn/Documents/javafx-sdk-17.0.1/lib/javafx.controls.jar:/Users/lukajohn/Documents/javafx-sdk-17.0.1/lib/javafx.graphics.jar
Launcher Type: SUN_STANDARD

[Global flags]
     intx CICompilerCount                          = 3                                         {product} {ergonomic}
     uint ConcGCThreads                            = 1                                         {product} {ergonomic}
     uint G1ConcRefinementThreads                  = 4                                         {product} {ergonomic}
   size_t G1HeapRegionSize                         = 1048576                                   {product} {ergonomic}
    uintx GCDrainStackTargetSize                   = 64                                        {product} {ergonomic}
   size_t InitialHeapSize                          = 268435456                                 {product} {ergonomic}
   size_t MarkStackSize                            = 4194304                                   {product} {ergonomic}
   size_t MaxHeapSize                              = 4294967296                                {product} {ergonomic}
   size_t MaxNewSize                               = 2576351232                                {product} {ergonomic}
   size_t MinHeapDeltaBytes                        = 1048576                                   {product} {ergonomic}
    uintx NonNMethodCodeHeapSize                   = 5830732                                {pd product} {ergonomic}
    uintx NonProfiledCodeHeapSize                  = 122913754                              {pd product} {ergonomic}
    uintx ProfiledCodeHeapSize                     = 122913754                              {pd product} {ergonomic}
    uintx ReservedCodeCacheSize                    = 251658240                              {pd product} {ergonomic}
     bool SegmentedCodeCache                       = true                                      {product} {ergonomic}
     bool UseCompressedClassPointers               = true                                 {lp64_product} {ergonomic}
     bool UseCompressedOops                        = true                                 {lp64_product} {ergonomic}
     bool UseG1GC                                  = true                                      {product} {ergonomic}

Logging:
Log output configuration:
 #0: stdout all=warning uptime,level,tags
 #1: stderr all=off uptime,level,tags

Environment Variables:
PATH=/Library/Frameworks/Python.framework/Versions/3.10/bin:/usr/local/bin:/usr/bin:/bin:/usr/sbin:/sbin:/Library/Apple/usr/bin
SHELL=/bin/zsh

Signal Handlers:
SIGSEGV: [libjvm.dylib+0x79688e], sa_mask[0]=11111111011111110111111111111111, sa_flags=SA_ONSTACK|SA_RESTART|SA_SIGINFO
SIGBUS: [libjvm.dylib+0x79688e], sa_mask[0]=11111111011111110111111111111111, sa_flags=SA_RESTART|SA_SIGINFO
SIGFPE: [libjvm.dylib+0x79688e], sa_mask[0]=11111111011111110111111111111111, sa_flags=SA_RESTART|SA_SIGINFO
SIGPIPE: [libjvm.dylib+0x6488fa], sa_mask[0]=11111111011111110111111111111111, sa_flags=SA_RESTART|SA_SIGINFO
SIGXFSZ: [libjvm.dylib+0x6488fa], sa_mask[0]=11111111011111110111111111111111, sa_flags=SA_RESTART|SA_SIGINFO
SIGILL: [libjvm.dylib+0x79688e], sa_mask[0]=11111111011111110111111111111111, sa_flags=SA_RESTART|SA_SIGINFO
SIGUSR2: [libjvm.dylib+0x648ece], sa_mask[0]=00100000000000000000000000000000, sa_flags=SA_RESTART|SA_SIGINFO
SIGHUP: [libjvm.dylib+0x64798f], sa_mask[0]=11111111011111110111111111111111, sa_flags=SA_RESTART|SA_SIGINFO
SIGINT: [libjvm.dylib+0x64798f], sa_mask[0]=11111111011111110111111111111111, sa_flags=SA_RESTART|SA_SIGINFO
SIGTERM: [libjvm.dylib+0x64798f], sa_mask[0]=11111111011111110111111111111111, sa_flags=SA_RESTART|SA_SIGINFO
SIGQUIT: [libjvm.dylib+0x64798f], sa_mask[0]=11111111011111110111111111111111, sa_flags=SA_RESTART|SA_SIGINFO


---------------  S Y S T E M  ---------------

OS:uname:Darwin 21.2.0 Darwin Kernel Version 21.2.0: Sun Nov 28 20:28:54 PST 2021; root:xnu-8019.61.5~1/RELEASE_X86_64 x86_64
rlimit: STACK 8192k, CORE 0k, NPROC 2784, NOFILE 10240, AS infinity, DATA infinity, FSIZE infinity
load average:2.95 4.28 4.90

CPU:total 4 (initial active 4) (2 cores per cpu, 2 threads per core) family 6 model 61 stepping 4 microcode 0x2f, cmov, cx8, fxsr, mmx, sse, sse2, sse3, ssse3, sse4.1, sse4.2, popcnt, avx, avx2, aes, clmul, erms, 3dnowpref, lzcnt, ht, tsc, tscinvbit, bmi1, bmi2, adx, fma

Memory: 4k page, physical 16777216k(767052k free)

vm_info: Java HotSpot(TM) 64-Bit Server VM (11.0.12+8-LTS-237) for bsd-amd64 JRE (11.0.12+8-LTS-237), built on Jun  8 2021 10:26:22 by "mach5one" with gcc 4.2.1 Compatible Apple LLVM 11.0.0 (clang-1100.0.33.17)

END.
